{"logTime": "1231/070915", "correlationVector":"HAS5Fh2AxkROFBfmsiT0ae","action":"Initial GetUpdates", "result":"", "context":Reason: NEWLY_SUPPORTED_DATATYPE. cV=HAS5Fh2AxkROFBfmsiT0ae}
{"logTime": "1231/070916", "correlationVector":"HAS5Fh2AxkROFBfmsiT0ae.1","action":"SyncServerConnectionManagerRequest", "result":"SYNC_SERVER_OK", "context":{"environment":"Prod_eastasia_prod-s01-034-apac-eastasia", "migrationStage":"NotStarted", "server":"akswtt00300001t"}}
{"logTime": "1231/070916", "correlationVector":"HAS5Fh2AxkROFBfmsiT0ae.2","action":"GetUpdates", "result":"DeleteReceived", "context":{"id":"8eeaf502-41b4-4f7c-a449-8842a06f8e8c", "isDeleted:":"true", "version":"1735393055030"}}
{"logTime": "1231/070916", "correlationVector":"HAS5Fh2AxkROFBfmsiT0ae.3","action":"GetUpdates", "result":"DeleteReceived", "context":{"id":"9059247e-5614-46df-9cd7-4d12873843f0", "isDeleted:":"true", "version":"1735393296439"}}
{"logTime": "1231/070916", "correlationVector":"HAS5Fh2AxkROFBfmsiT0ae.4","action":"GetUpdates", "result":"DeleteReceived", "context":{"id":"89e44390-f4b4-46a0-82f4-3b07b99dca13", "isDeleted:":"true", "version":"1735393776465"}}
{"logTime": "1231/070916", "correlationVector":"HAS5Fh2AxkROFBfmsiT0ae.5","action":"GetUpdates", "result":"DeleteReceived", "context":{"id":"0738070b-862e-44f9-9645-a87b8a16addb", "isDeleted:":"true", "version":"1735394828929"}}
{"logTime": "1231/070916", "correlationVector":"HAS5Fh2AxkROFBfmsiT0ae.6","action":"GetUpdates", "result":"DeleteReceived", "context":{"id":"4a88698b-55e6-43d6-b5ad-91101d3294d5", "isDeleted:":"true", "version":"1735394941010"}}
{"logTime": "1231/070916", "correlationVector":"HAS5Fh2AxkROFBfmsiT0ae.7","action":"GetUpdates", "result":"DeleteReceived", "context":{"id":"92084e30-6817-4e14-9a27-bb7b75bd494c", "isDeleted:":"true", "version":"1735394941011"}}
{"logTime": "1231/070916", "correlationVector":"HAS5Fh2AxkROFBfmsiT0ae.8","action":"GetUpdates", "result":"DeleteReceived", "context":{"id":"60692e87-12a6-4321-8a72-fa1457fc961e", "isDeleted:":"true", "version":"1735395048427"}}
{"logTime": "1231/070916", "correlationVector":"HAS5Fh2AxkROFBfmsiT0ae.9","action":"GetUpdates", "result":"DeleteReceived", "context":{"id":"d6fb1503-edd3-45b5-bebe-2b00b6304e6a", "isDeleted:":"true", "version":"1735395357129"}}
{"logTime": "1231/070916", "correlationVector":"HAS5Fh2AxkROFBfmsiT0ae.10","action":"GetUpdates", "result":"DeleteReceived", "context":{"id":"faaf1cdb-7155-47c4-aafa-fdde6dfe15af", "isDeleted:":"true", "version":"1735395357130"}}
{"logTime": "1231/070916", "correlationVector":"HAS5Fh2AxkROFBfmsiT0ae.11","action":"GetUpdates", "result":"DeleteReceived", "context":{"id":"18e483c2-2cc6-432a-adf7-81b6d73732f5", "isDeleted:":"true", "version":"1735395357131"}}
{"logTime": "1231/070916", "correlationVector":"HAS5Fh2AxkROFBfmsiT0ae.12","action":"GetUpdates", "result":"DeleteReceived", "context":{"id":"7c21fe4b-d754-4b59-a3cb-8b18725bfbca", "isDeleted:":"true", "version":"1735395357133"}}
{"logTime": "1231/070916", "correlationVector":"HAS5Fh2AxkROFBfmsiT0ae.13","action":"GetUpdates", "result":"DeleteReceived", "context":{"id":"0e809c36-f3f1-4512-9f45-bed162b207ad", "isDeleted:":"true", "version":"1735395357134"}}
{"logTime": "1231/070916", "correlationVector":"HAS5Fh2AxkROFBfmsiT0ae.14","action":"GetUpdates", "result":"DeleteReceived", "context":{"id":"c4d166f8-dc8b-4659-a63b-d6c5660662d3", "isDeleted:":"true", "version":"1735395357135"}}
{"logTime": "1231/070916", "correlationVector":"HAS5Fh2AxkROFBfmsiT0ae.15","action":"GetUpdates", "result":"DeleteReceived", "context":{"id":"04a4886c-9887-4233-8317-0dfed8bb6eb5", "isDeleted:":"true", "version":"1735395357136"}}
{"logTime": "1231/070916", "correlationVector":"HAS5Fh2AxkROFBfmsiT0ae.16","action":"GetUpdates", "result":"DeleteReceived", "context":{"id":"c2c08aac-8aff-4f14-a2ac-10c6b2351293", "isDeleted:":"true", "version":"1735395585090"}}
{"logTime": "1231/070916", "correlationVector":"HAS5Fh2AxkROFBfmsiT0ae.17","action":"GetUpdates", "result":"DeleteReceived", "context":{"id":"f32de653-165c-4bf0-a9d3-831a4b361ca0", "isDeleted:":"true", "version":"1735395835645"}}
{"logTime": "1231/070916", "correlationVector":"HAS5Fh2AxkROFBfmsiT0ae.18","action":"GetUpdates", "result":"DeleteReceived", "context":{"id":"b57cad1a-13d6-467c-8543-df37488d698d", "isDeleted:":"true", "version":"1735396107585"}}
{"logTime": "1231/070916", "correlationVector":"HAS5Fh2AxkROFBfmsiT0ae.19","action":"GetUpdates", "result":"DeleteReceived", "context":{"id":"a5b999b4-50fc-444e-a4ac-5b6eb251fad4", "isDeleted:":"true", "version":"1735396107588"}}
{"logTime": "1231/070916", "correlationVector":"HAS5Fh2AxkROFBfmsiT0ae.20","action":"GetUpdates", "result":"DeleteReceived", "context":{"id":"8d287324-542a-4e13-a0b1-bd3bd683e5bb", "isDeleted:":"true", "version":"1735396166325"}}
{"logTime": "1231/070916", "correlationVector":"HAS5Fh2AxkROFBfmsiT0ae.21","action":"GetUpdates", "result":"DeleteReceived", "context":{"id":"6e26292a-f1aa-4844-bc8d-58d740325153", "isDeleted:":"true", "version":"1735396166328"}}
{"logTime": "1231/070916", "correlationVector":"HAS5Fh2AxkROFBfmsiT0ae.22","action":"GetUpdates", "result":"DeleteReceived", "context":{"id":"54f17de9-2629-4714-96fb-c259af9f3a96", "isDeleted:":"true", "version":"1735396538432"}}
{"logTime": "1231/070916", "correlationVector":"HAS5Fh2AxkROFBfmsiT0ae.23","action":"GetUpdates", "result":"DeleteReceived", "context":{"id":"05ad36dc-0eb6-40d3-adb9-8deb78041c7a", "isDeleted:":"true", "version":"1735396538434"}}
{"logTime": "1231/070916", "correlationVector":"HAS5Fh2AxkROFBfmsiT0ae.24","action":"GetUpdates", "result":"DeleteReceived", "context":{"id":"46142e45-c464-4094-8922-2b4a69b61d20", "isDeleted:":"true", "version":"1735396606905"}}
{"logTime": "1231/070916", "correlationVector":"HAS5Fh2AxkROFBfmsiT0ae.25","action":"GetUpdates", "result":"DeleteReceived", "context":{"id":"c4515123-82d3-40a2-8f0e-f5d51b95aa5c", "isDeleted:":"true", "version":"1735396689475"}}
{"logTime": "1231/070916", "correlationVector":"HAS5Fh2AxkROFBfmsiT0ae.26","action":"GetUpdates", "result":"DeleteReceived", "context":{"id":"e8a4638f-03ca-484f-9baa-cb336ba16262", "isDeleted:":"true", "version":"1735396982603"}}
{"logTime": "1231/070916", "correlationVector":"HAS5Fh2AxkROFBfmsiT0ae.27","action":"GetUpdates", "result":"DeleteReceived", "context":{"id":"e46ab311-5bb8-436d-9b1e-9727e6af845b", "isDeleted:":"true", "version":"1735397076003"}}
{"logTime": "1231/070916", "correlationVector":"HAS5Fh2AxkROFBfmsiT0ae.28","action":"GetUpdates", "result":"DeleteReceived", "context":{"id":"d4ba7f51-f568-43b8-987a-a142aad9ea3b", "isDeleted:":"true", "version":"1735397113775"}}
{"logTime": "1231/070916", "correlationVector":"HAS5Fh2AxkROFBfmsiT0ae.29","action":"GetUpdates", "result":"DeleteReceived", "context":{"id":"fb2ca321-0951-4211-8f12-048ebbbd87b6", "isDeleted:":"true", "version":"1735397147828"}}
{"logTime": "1231/070916", "correlationVector":"HAS5Fh2AxkROFBfmsiT0ae.30","action":"GetUpdates", "result":"DeleteReceived", "context":{"id":"ebbef843-dc58-494a-b46e-0d491b9359ce", "isDeleted:":"true", "version":"1735398050015"}}
{"logTime": "1231/070916", "correlationVector":"HAS5Fh2AxkROFBfmsiT0ae.31","action":"GetUpdates", "result":"DeleteReceived", "context":{"id":"843e1e4d-970c-4628-9684-77f04744cb6f", "isDeleted:":"true", "version":"1735398315629"}}
{"logTime": "1231/070916", "correlationVector":"HAS5Fh2AxkROFBfmsiT0ae.32","action":"GetUpdates", "result":"DeleteReceived", "context":{"id":"82e0cd95-ab78-49b3-9915-acf9705f1e87", "isDeleted:":"true", "version":"1735398315630"}}
{"logTime": "1231/070916", "correlationVector":"HAS5Fh2AxkROFBfmsiT0ae.33","action":"GetUpdates", "result":"DeleteReceived", "context":{"id":"9e44e125-a8ff-4cf7-870d-945cc29969f1", "isDeleted:":"true", "version":"1735398434287"}}
{"logTime": "1231/070916", "correlationVector":"HAS5Fh2AxkROFBfmsiT0ae.34","action":"GetUpdates", "result":"DeleteReceived", "context":{"id":"b88edd63-f53c-4d4b-a464-61e02e55477b", "isDeleted:":"true", "version":"1735398465980"}}
{"logTime": "1231/070916", "correlationVector":"HAS5Fh2AxkROFBfmsiT0ae.35","action":"GetUpdates", "result":"DeleteReceived", "context":{"id":"9e1e5ac1-cea3-4a0d-b3fc-59d3497f2552", "isDeleted:":"true", "version":"1735398876070"}}
{"logTime": "1231/070916", "correlationVector":"HAS5Fh2AxkROFBfmsiT0ae.36","action":"GetUpdates", "result":"DeleteReceived", "context":{"id":"d7884ba3-6f55-41ad-b39f-3112b67eadff", "isDeleted:":"true", "version":"1735399857645"}}
{"logTime": "1231/070916", "correlationVector":"HAS5Fh2AxkROFBfmsiT0ae.37","action":"GetUpdates", "result":"DeleteReceived", "context":{"id":"420d0ab9-5077-4946-b8f6-15111fa8ecb8", "isDeleted:":"true", "version":"1735400002699"}}
{"logTime": "1231/070916", "correlationVector":"HAS5Fh2AxkROFBfmsiT0ae.38","action":"GetUpdates", "result":"DeleteReceived", "context":{"id":"2e573f34-2d14-4009-8a7e-ccf027243d82", "isDeleted:":"true", "version":"1735400687552"}}
{"logTime": "1231/070916", "correlationVector":"HAS5Fh2AxkROFBfmsiT0ae.39","action":"GetUpdates", "result":"DeleteReceived", "context":{"id":"592085ec-b705-4ba6-b708-da35161d6bac", "isDeleted:":"true", "version":"1735400785719"}}
{"logTime": "1231/070916", "correlationVector":"HAS5Fh2AxkROFBfmsiT0ae.40","action":"GetUpdates", "result":"DeleteReceived", "context":{"id":"daeb3b7b-c7cc-4bee-9c25-96b80f7b31a0", "isDeleted:":"true", "version":"1735401470855"}}
{"logTime": "1231/070916", "correlationVector":"HAS5Fh2AxkROFBfmsiT0ae.41","action":"GetUpdates", "result":"DeleteReceived", "context":{"id":"2d596a1e-f2bb-43b4-b9dc-23d744d63609", "isDeleted:":"true", "version":"1735401755478"}}
{"logTime": "1231/070916", "correlationVector":"HAS5Fh2AxkROFBfmsiT0ae.42","action":"GetUpdates", "result":"DeleteReceived", "context":{"id":"5ebe163d-d430-4e8e-95a7-1784a92d9f67", "isDeleted:":"true", "version":"1735402529764"}}
{"logTime": "1231/070916", "correlationVector":"HAS5Fh2AxkROFBfmsiT0ae.43","action":"GetUpdates", "result":"DeleteReceived", "context":{"id":"d709a525-fded-4430-85e5-0541c9d28900", "isDeleted:":"true", "version":"1735402561365"}}
{"logTime": "1231/070916", "correlationVector":"HAS5Fh2AxkROFBfmsiT0ae.44","action":"GetUpdates", "result":"DeleteReceived", "context":{"id":"4cecee96-f5b5-4f23-b23f-efaea44f1d6c", "isDeleted:":"true", "version":"1735402561366"}}
{"logTime": "1231/070916", "correlationVector":"HAS5Fh2AxkROFBfmsiT0ae.45","action":"GetUpdates", "result":"DeleteReceived", "context":{"id":"527db4d7-9e6b-4317-ad9c-9d9e3a52b697", "isDeleted:":"true", "version":"1735402561367"}}
{"logTime": "1231/070916", "correlationVector":"HAS5Fh2AxkROFBfmsiT0ae.46","action":"GetUpdates", "result":"DeleteReceived", "context":{"id":"5a78a588-7f3d-4f78-a6e5-b2c30f14b417", "isDeleted:":"true", "version":"1735402561368"}}
{"logTime": "1231/070916", "correlationVector":"HAS5Fh2AxkROFBfmsiT0ae.47","action":"GetUpdates", "result":"DeleteReceived", "context":{"id":"08764bee-3f15-43a2-ae84-1f61ef10f370", "isDeleted:":"true", "version":"1735402561369"}}
{"logTime": "1231/070916", "correlationVector":"HAS5Fh2AxkROFBfmsiT0ae.48","action":"GetUpdates", "result":"DeleteReceived", "context":{"id":"5be1a192-ab0a-4d26-9d07-64f87cc4a493", "isDeleted:":"true", "version":"1735402561372"}}
{"logTime": "1231/070916", "correlationVector":"HAS5Fh2AxkROFBfmsiT0ae.49","action":"GetUpdates", "result":"DeleteReceived", "context":{"id":"9bec6d5c-4158-4ff2-8b98-1815a444febd", "isDeleted:":"true", "version":"1735402561374"}}
{"logTime": "1231/070916", "correlationVector":"HAS5Fh2AxkROFBfmsiT0ae.50","action":"GetUpdates", "result":"DeleteReceived", "context":{"id":"b9e1c35c-75f9-494d-b40d-61a9327a012e", "isDeleted:":"true", "version":"1735402561375"}}
{"logTime": "1231/070916", "correlationVector":"HAS5Fh2AxkROFBfmsiT0ae.51","action":"GetUpdates", "result":"DeleteReceived", "context":{"id":"d70eb9a8-570b-495f-a12a-618c9905b3b6", "isDeleted:":"true", "version":"1735402561377"}}
{"logTime": "1231/070916", "correlationVector":"HAS5Fh2AxkROFBfmsiT0ae.52","action":"GetUpdates", "result":"DeleteReceived", "context":{"id":"a2b591c2-3592-4526-9ee8-3868e56d46ec", "isDeleted:":"true", "version":"1735402601817"}}
{"logTime": "1231/070916", "correlationVector":"HAS5Fh2AxkROFBfmsiT0ae.53","action":"GetUpdates", "result":"DeleteReceived", "context":{"id":"9949e477-b0ca-4895-9279-82dd30157f9f", "isDeleted:":"true", "version":"1735403917479"}}
{"logTime": "1231/070916", "correlationVector":"HAS5Fh2AxkROFBfmsiT0ae.54","action":"GetUpdates", "result":"DeleteReceived", "context":{"id":"27d44161-66f8-4053-a9ee-7f6ff60a6821", "isDeleted:":"true", "version":"1735404216548"}}
{"logTime": "1231/070916", "correlationVector":"HAS5Fh2AxkROFBfmsiT0ae.55","action":"GetUpdates", "result":"DeleteReceived", "context":{"id":"c22f702d-0f0c-48eb-8d26-1587f94c3892", "isDeleted:":"true", "version":"1735404851758"}}
{"logTime": "1231/070916", "correlationVector":"HAS5Fh2AxkROFBfmsiT0ae.56","action":"GetUpdates", "result":"DeleteReceived", "context":{"id":"3fecd23c-536f-45d3-92d6-52cc83405847", "isDeleted:":"true", "version":"1735405038196"}}
{"logTime": "1231/070916", "correlationVector":"HAS5Fh2AxkROFBfmsiT0ae.57","action":"GetUpdates", "result":"DeleteReceived", "context":{"id":"29358a52-9284-4d59-96fd-53ec21d6d74c", "isDeleted:":"true", "version":"1735405038197"}}
{"logTime": "1231/070916", "correlationVector":"HAS5Fh2AxkROFBfmsiT0ae.58","action":"GetUpdates", "result":"DeleteReceived", "context":{"id":"d2a8d3f8-5ac3-4ea7-a853-d5a82819e6f1", "isDeleted:":"true", "version":"1735405038198"}}
{"logTime": "1231/070916", "correlationVector":"HAS5Fh2AxkROFBfmsiT0ae.59","action":"GetUpdates", "result":"DeleteReceived", "context":{"id":"1d42318f-6a5f-482f-a516-9cc239c001ce", "isDeleted:":"true", "version":"1735405211797"}}
{"logTime": "1231/070916", "correlationVector":"HAS5Fh2AxkROFBfmsiT0ae.60","action":"GetUpdates", "result":"DeleteReceived", "context":{"id":"c550fbb8-a8f6-44bb-ab89-10640502f155", "isDeleted:":"true", "version":"1735405285358"}}
{"logTime": "1231/070916", "correlationVector":"HAS5Fh2AxkROFBfmsiT0ae.61","action":"GetUpdates", "result":"DeleteReceived", "context":{"id":"593c6fb0-44f0-47fc-84a1-176a9207ca8f", "isDeleted:":"true", "version":"1735405285359"}}
{"logTime": "1231/070916", "correlationVector":"HAS5Fh2AxkROFBfmsiT0ae.62","action":"GetUpdates", "result":"DeleteReceived", "context":{"id":"f856fc99-9e5b-4a16-a73f-fa5aab4be1ea", "isDeleted:":"true", "version":"1735405285360"}}
{"logTime": "1231/070916", "correlationVector":"HAS5Fh2AxkROFBfmsiT0ae.63","action":"GetUpdates", "result":"DeleteReceived", "context":{"id":"a2234f86-374f-41f0-bf54-1e95434c9414", "isDeleted:":"true", "version":"1735405285361"}}
{"logTime": "1231/070916", "correlationVector":"HAS5Fh2AxkROFBfmsiT0ae.64","action":"GetUpdates", "result":"DeleteReceived", "context":{"id":"8850620c-e778-4ee7-b00e-bb7e6e407f45", "isDeleted:":"true", "version":"1735405685650"}}
{"logTime": "1231/070916", "correlationVector":"HAS5Fh2AxkROFBfmsiT0ae.65","action":"GetUpdates", "result":"DeleteReceived", "context":{"id":"96d4e9d0-b351-4c9b-ba4b-19f85ea51a29", "isDeleted:":"true", "version":"1735405727599"}}
{"logTime": "1231/070916", "correlationVector":"HAS5Fh2AxkROFBfmsiT0ae.66","action":"GetUpdates", "result":"DeleteReceived", "context":{"id":"929a7ec1-e444-4b22-9ad4-811f91919a75", "isDeleted:":"true", "version":"1735407775039"}}
{"logTime": "1231/070916", "correlationVector":"HAS5Fh2AxkROFBfmsiT0ae.67","action":"GetUpdates", "result":"DeleteReceived", "context":{"id":"d941d611-37b8-4c41-869f-cf4397a79b25", "isDeleted:":"true", "version":"1735407775042"}}
{"logTime": "1231/070916", "correlationVector":"HAS5Fh2AxkROFBfmsiT0ae.68","action":"GetUpdates", "result":"DeleteReceived", "context":{"id":"b089b41d-6963-4a18-9d22-71d3e069eeb5", "isDeleted:":"true", "version":"1735410240937"}}
{"logTime": "1231/070916", "correlationVector":"HAS5Fh2AxkROFBfmsiT0ae.69","action":"GetUpdates", "result":"DeleteReceived", "context":{"id":"8073e3d3-9d45-4b9c-b6de-bbc0e08da7fd", "isDeleted:":"true", "version":"1735410240938"}}
{"logTime": "1231/070916", "correlationVector":"HAS5Fh2AxkROFBfmsiT0ae.70","action":"GetUpdates", "result":"DeleteReceived", "context":{"id":"8f88896d-68a7-4b50-93b7-43a92645611a", "isDeleted:":"true", "version":"1735410371426"}}
{"logTime": "1231/070916", "correlationVector":"HAS5Fh2AxkROFBfmsiT0ae.71","action":"GetUpdates", "result":"DeleteReceived", "context":{"id":"17f82d35-e9a3-4494-9a74-4a2b9c72dd3f", "isDeleted:":"true", "version":"1735410582619"}}
{"logTime": "1231/070916", "correlationVector":"HAS5Fh2AxkROFBfmsiT0ae.72","action":"GetUpdates", "result":"DeleteReceived", "context":{"id":"a4c2208d-b029-4386-a882-2ea571db4d20", "isDeleted:":"true", "version":"1735411639984"}}
{"logTime": "1231/070916", "correlationVector":"HAS5Fh2AxkROFBfmsiT0ae.73","action":"GetUpdates", "result":"DeleteReceived", "context":{"id":"e23146a2-4f7a-4929-b644-6a7a830ccbe7", "isDeleted:":"true", "version":"1735411688365"}}
{"logTime": "1231/070916", "correlationVector":"HAS5Fh2AxkROFBfmsiT0ae.74","action":"GetUpdates", "result":"DeleteReceived", "context":{"id":"2838ce30-b875-4aaf-997a-fed05ee18bf1", "isDeleted:":"true", "version":"1735411688366"}}
{"logTime": "1231/070916", "correlationVector":"HAS5Fh2AxkROFBfmsiT0ae.75","action":"GetUpdates", "result":"DeleteReceived", "context":{"id":"a65de259-1e26-43f6-a2bf-6847ef62c4fe", "isDeleted:":"true", "version":"1735411688368"}}
{"logTime": "1231/070916", "correlationVector":"HAS5Fh2AxkROFBfmsiT0ae.76","action":"GetUpdates", "result":"DeleteReceived", "context":{"id":"8f3b5cde-cedc-431f-bf9b-e832b00c08d8", "isDeleted:":"true", "version":"1735411688369"}}
{"logTime": "1231/070916", "correlationVector":"HAS5Fh2AxkROFBfmsiT0ae.77","action":"GetUpdates", "result":"DeleteReceived", "context":{"id":"6926b7e3-373f-433a-9951-be5ed82fddfa", "isDeleted:":"true", "version":"1735412120919"}}
{"logTime": "1231/070916", "correlationVector":"HAS5Fh2AxkROFBfmsiT0ae.78","action":"GetUpdates", "result":"DeleteReceived", "context":{"id":"b98299ce-1d0e-4038-a002-855429eedbdd", "isDeleted:":"true", "version":"1735463360084"}}
{"logTime": "1231/070916", "correlationVector":"HAS5Fh2AxkROFBfmsiT0ae.79","action":"GetUpdates", "result":"DeleteReceived", "context":{"id":"7f55d087-9276-4bdd-bf3b-3bae391ee74f", "isDeleted:":"true", "version":"1735463360085"}}
{"logTime": "1231/070916", "correlationVector":"HAS5Fh2AxkROFBfmsiT0ae.80","action":"GetUpdates", "result":"DeleteReceived", "context":{"id":"2fd578b6-1fb3-4278-9cce-dcd8abe9a31a", "isDeleted:":"true", "version":"1735463360086"}}
{"logTime": "1231/070916", "correlationVector":"HAS5Fh2AxkROFBfmsiT0ae.81","action":"GetUpdates", "result":"DeleteReceived", "context":{"id":"3dd72c1e-feac-4ce4-af45-9479c624f1e4", "isDeleted:":"true", "version":"1735463360087"}}
{"logTime": "1231/070916", "correlationVector":"HAS5Fh2AxkROFBfmsiT0ae.82","action":"GetUpdates", "result":"DeleteReceived", "context":{"id":"8ea4c09d-aa57-4617-8709-709140ab8001", "isDeleted:":"true", "version":"1735463360089"}}
{"logTime": "1231/070916", "correlationVector":"HAS5Fh2AxkROFBfmsiT0ae.83","action":"GetUpdates", "result":"DeleteReceived", "context":{"id":"4807df00-a76b-4fb6-9c6a-3fa7558bc8c7", "isDeleted:":"true", "version":"1735463428630"}}
{"logTime": "1231/070916", "correlationVector":"HAS5Fh2AxkROFBfmsiT0ae.84","action":"GetUpdates", "result":"DeleteReceived", "context":{"id":"edc919db-6ba8-4c29-9ccf-b55ccafd9da3", "isDeleted:":"true", "version":"1735464571351"}}
{"logTime": "1231/070916", "correlationVector":"HAS5Fh2AxkROFBfmsiT0ae.85","action":"GetUpdates", "result":"DeleteReceived", "context":{"id":"36d9eb7d-165c-4c75-8d90-4c7c8c4ff13f", "isDeleted:":"true", "version":"1735465202462"}}
{"logTime": "1231/070916", "correlationVector":"HAS5Fh2AxkROFBfmsiT0ae.86","action":"GetUpdates", "result":"DeleteReceived", "context":{"id":"394bf92a-1f6a-4334-b0d6-e3ba927d0d29", "isDeleted:":"true", "version":"1735465339869"}}
{"logTime": "1231/070916", "correlationVector":"HAS5Fh2AxkROFBfmsiT0ae.87","action":"GetUpdates", "result":"DeleteReceived", "context":{"id":"4c7cc45e-b61b-420e-8ceb-ee56b1c5ed33", "isDeleted:":"true", "version":"1735465376464"}}
{"logTime": "1231/070916", "correlationVector":"HAS5Fh2AxkROFBfmsiT0ae.88","action":"GetUpdates", "result":"DeleteReceived", "context":{"id":"5a2c6563-e953-406d-9508-1e47a36b2912", "isDeleted:":"true", "version":"1735466598044"}}
{"logTime": "1231/070916", "correlationVector":"HAS5Fh2AxkROFBfmsiT0ae.89","action":"GetUpdates", "result":"DeleteReceived", "context":{"id":"b85c637c-4b35-4edc-a947-18060f1a8bc2", "isDeleted:":"true", "version":"1735466598047"}}
{"logTime": "1231/070916", "correlationVector":"HAS5Fh2AxkROFBfmsiT0ae.90","action":"GetUpdates", "result":"DeleteReceived", "context":{"id":"b3af79ee-dd67-486e-a730-3f02e7939a41", "isDeleted:":"true", "version":"1735466598048"}}
{"logTime": "1231/070916", "correlationVector":"HAS5Fh2AxkROFBfmsiT0ae.91","action":"GetUpdates", "result":"DeleteReceived", "context":{"id":"27c49017-a3cd-43a4-8fb5-1a3ffcc88c04", "isDeleted:":"true", "version":"1735468241315"}}
{"logTime": "1231/070916", "correlationVector":"HAS5Fh2AxkROFBfmsiT0ae.92","action":"GetUpdates", "result":"DeleteReceived", "context":{"id":"0636a1fd-2f54-4a78-976e-077c2e969d3c", "isDeleted:":"true", "version":"1735468241317"}}
{"logTime": "1231/070916", "correlationVector":"HAS5Fh2AxkROFBfmsiT0ae.93","action":"GetUpdates", "result":"DeleteReceived", "context":{"id":"2bd0ee17-25e2-47f5-8a23-9f82d2729683", "isDeleted:":"true", "version":"1735468241318"}}
{"logTime": "1231/070916", "correlationVector":"HAS5Fh2AxkROFBfmsiT0ae.94","action":"GetUpdates", "result":"DeleteReceived", "context":{"id":"7ef9f4f5-4da6-4291-88ef-544afb995982", "isDeleted:":"true", "version":"1735475849679"}}
{"logTime": "1231/070916", "correlationVector":"HAS5Fh2AxkROFBfmsiT0ae.95","action":"GetUpdates", "result":"DeleteReceived", "context":{"id":"1e8c206a-38e9-426e-becf-559bd64ebd9a", "isDeleted:":"true", "version":"1735477186420"}}
{"logTime": "1231/070916", "correlationVector":"HAS5Fh2AxkROFBfmsiT0ae.96","action":"GetUpdates", "result":"DeleteReceived", "context":{"id":"77b015e6-8bc1-448f-afb7-3c6e2d5d1af5", "isDeleted:":"true", "version":"1735477566591"}}
{"logTime": "1231/070916", "correlationVector":"HAS5Fh2AxkROFBfmsiT0ae.97","action":"GetUpdates", "result":"DeleteReceived", "context":{"id":"c5772294-9b38-4fb6-826f-5ef340310f6f", "isDeleted:":"true", "version":"1735480450257"}}
{"logTime": "1231/070916", "correlationVector":"HAS5Fh2AxkROFBfmsiT0ae.98","action":"GetUpdates", "result":"DeleteReceived", "context":{"id":"4e2ef40a-0aac-4f94-973e-c4ed36feb945", "isDeleted:":"true", "version":"1735483187394"}}
{"logTime": "1231/070916", "correlationVector":"HAS5Fh2AxkROFBfmsiT0ae.99","action":"GetUpdates", "result":"DeleteReceived", "context":{"id":"7c7c09e1-b189-46f0-8c71-a44d412f8e25", "isDeleted:":"true", "version":"1735483187395"}}
{"logTime": "1231/070916", "correlationVector":"HAS5Fh2AxkROFBfmsiT0ae.100","action":"GetUpdates", "result":"DeleteReceived", "context":{"id":"c4c85abe-1097-4785-9ba0-bdaed08cfc33", "isDeleted:":"true", "version":"1735483187397"}}
{"logTime": "1231/070916", "correlationVector":"HAS5Fh2AxkROFBfmsiT0ae.101","action":"GetUpdates", "result":"DeleteReceived", "context":{"id":"17eca6ff-36d5-4751-8994-6ab3ec39228c", "isDeleted:":"true", "version":"1735483187402"}}
{"logTime": "1231/070916", "correlationVector":"HAS5Fh2AxkROFBfmsiT0ae.102","action":"GetUpdates", "result":"DeleteReceived", "context":{"id":"597847b1-5389-41e0-b4b5-99ed879047f6", "isDeleted:":"true", "version":"1735483642907"}}
{"logTime": "1231/070916", "correlationVector":"HAS5Fh2AxkROFBfmsiT0ae.103","action":"GetUpdates", "result":"DeleteReceived", "context":{"id":"6edbd095-45b6-41cf-83ba-9bb22b82bfb0", "isDeleted:":"true", "version":"1735486498630"}}
{"logTime": "1231/070916", "correlationVector":"HAS5Fh2AxkROFBfmsiT0ae.104","action":"GetUpdates", "result":"DeleteReceived", "context":{"id":"6103d9a4-d54b-495e-83f9-f881e87daaca", "isDeleted:":"true", "version":"1735489509664"}}
{"logTime": "1231/070916", "correlationVector":"HAS5Fh2AxkROFBfmsiT0ae.105","action":"GetUpdates", "result":"DeleteReceived", "context":{"id":"29783647-074a-4b13-94ca-954e30907076", "isDeleted:":"true", "version":"1735489547887"}}
{"logTime": "1231/070916", "correlationVector":"HAS5Fh2AxkROFBfmsiT0ae.106","action":"GetUpdates", "result":"DeleteReceived", "context":{"id":"444b8d0f-9f1f-40fe-b0cf-3c2e4ec35005", "isDeleted:":"true", "version":"1735492558265"}}
{"logTime": "1231/070916", "correlationVector":"HAS5Fh2AxkROFBfmsiT0ae.107","action":"GetUpdates", "result":"DeleteReceived", "context":{"id":"1356cd2c-6c96-4902-8ff4-5b2da319f092", "isDeleted:":"true", "version":"1735492599683"}}
{"logTime": "1231/070916", "correlationVector":"HAS5Fh2AxkROFBfmsiT0ae.108","action":"GetUpdates", "result":"DeleteReceived", "context":{"id":"d829c2ae-c78a-4238-ad4d-5341a286af6c", "isDeleted:":"true", "version":"1735493802469"}}
{"logTime": "1231/070916", "correlationVector":"HAS5Fh2AxkROFBfmsiT0ae.109","action":"GetUpdates", "result":"DeleteReceived", "context":{"id":"d9b6f6ef-c147-4c29-9af5-8dbfcb3b81f6", "isDeleted:":"true", "version":"1735495011555"}}
{"logTime": "1231/070916", "correlationVector":"HAS5Fh2AxkROFBfmsiT0ae.110","action":"GetUpdates", "result":"DeleteReceived", "context":{"id":"a3d6ad33-0f5e-475f-ac13-f70e18775da6", "isDeleted:":"true", "version":"1735495138589"}}
{"logTime": "1231/070916", "correlationVector":"HAS5Fh2AxkROFBfmsiT0ae.111","action":"GetUpdates", "result":"DeleteReceived", "context":{"id":"0940997a-9654-4ae5-a255-9433fed37356", "isDeleted:":"true", "version":"1735496038441"}}
{"logTime": "1231/070916", "correlationVector":"HAS5Fh2AxkROFBfmsiT0ae.112","action":"GetUpdates", "result":"DeleteReceived", "context":{"id":"df7aca3e-96cf-45c7-aa3d-81073f74fa41", "isDeleted:":"true", "version":"1735496663212"}}
{"logTime": "1231/070916", "correlationVector":"HAS5Fh2AxkROFBfmsiT0ae.113","action":"GetUpdates", "result":"DeleteReceived", "context":{"id":"0fe5bc46-4912-46f6-abda-cd2bd40021af", "isDeleted:":"true", "version":"1735496860780"}}
{"logTime": "1231/070916", "correlationVector":"HAS5Fh2AxkROFBfmsiT0ae.114","action":"GetUpdates", "result":"DeleteReceived", "context":{"id":"49af8edf-22c7-4d95-8321-b0d4d59b1b8b", "isDeleted:":"true", "version":"1735520376289"}}
{"logTime": "1231/070916", "correlationVector":"HAS5Fh2AxkROFBfmsiT0ae.115","action":"GetUpdates", "result":"DeleteReceived", "context":{"id":"136b56a0-34b8-4191-9180-23c2dc42ad5c", "isDeleted:":"true", "version":"1735520376290"}}
{"logTime": "1231/070916", "correlationVector":"HAS5Fh2AxkROFBfmsiT0ae.116","action":"GetUpdates", "result":"DeleteReceived", "context":{"id":"b950af9e-ee03-484e-a381-c78515c356c7", "isDeleted:":"true", "version":"1735520376291"}}
{"logTime": "1231/070916", "correlationVector":"HAS5Fh2AxkROFBfmsiT0ae.117","action":"GetUpdates", "result":"DeleteReceived", "context":{"id":"ff39dde1-5361-4901-873e-bbff886e9ca7", "isDeleted:":"true", "version":"1735520376292"}}
{"logTime": "1231/070916", "correlationVector":"HAS5Fh2AxkROFBfmsiT0ae.118","action":"GetUpdates", "result":"DeleteReceived", "context":{"id":"a9d7859b-d8fb-4ef0-b7bc-26be773b3f2f", "isDeleted:":"true", "version":"1735520376293"}}
{"logTime": "1231/070916", "correlationVector":"HAS5Fh2AxkROFBfmsiT0ae.119","action":"GetUpdates", "result":"DeleteReceived", "context":{"id":"875cf5a0-b065-4635-a8fb-d6fc873b0419", "isDeleted:":"true", "version":"1735520376294"}}
{"logTime": "1231/070916", "correlationVector":"HAS5Fh2AxkROFBfmsiT0ae.120","action":"GetUpdates", "result":"DeleteReceived", "context":{"id":"36add851-549d-443d-956b-ec514e1f0dd5", "isDeleted:":"true", "version":"1735520376295"}}
{"logTime": "1231/070916", "correlationVector":"HAS5Fh2AxkROFBfmsiT0ae.121","action":"GetUpdates", "result":"DeleteReceived", "context":{"id":"07bb2cfc-aa8e-4fe3-9ade-bccba7379e9d", "isDeleted:":"true", "version":"1735520376297"}}
{"logTime": "1231/070916", "correlationVector":"HAS5Fh2AxkROFBfmsiT0ae.122","action":"GetUpdates", "result":"DeleteReceived", "context":{"id":"3c4637ed-6f30-4040-9061-a8086f4ec108", "isDeleted:":"true", "version":"1735520376298"}}
{"logTime": "1231/070916", "correlationVector":"HAS5Fh2AxkROFBfmsiT0ae.123","action":"GetUpdates", "result":"DeleteReceived", "context":{"id":"6aee22e3-afd5-4d8a-9c98-3745fb72abe0", "isDeleted:":"true", "version":"1735520538163"}}
{"logTime": "1231/070916", "correlationVector":"HAS5Fh2AxkROFBfmsiT0ae.124","action":"GetUpdates", "result":"DeleteReceived", "context":{"id":"c725a35b-0ba0-4a2a-a9dc-2978c13a34bf", "isDeleted:":"true", "version":"1735526990768"}}
{"logTime": "1231/070916", "correlationVector":"HAS5Fh2AxkROFBfmsiT0ae.125","action":"GetUpdates", "result":"DeleteReceived", "context":{"id":"123d69fb-357a-471e-bd25-5137e8d7c43f", "isDeleted:":"true", "version":"1735526990771"}}
{"logTime": "1231/070916", "correlationVector":"HAS5Fh2AxkROFBfmsiT0ae.126","action":"GetUpdates", "result":"DeleteReceived", "context":{"id":"eb87ae6a-3cae-4400-a54a-9657dc05242a", "isDeleted:":"true", "version":"1735526990772"}}
{"logTime": "1231/070916", "correlationVector":"HAS5Fh2AxkROFBfmsiT0ae.127","action":"GetUpdates", "result":"DeleteReceived", "context":{"id":"a878707c-bce0-41aa-8fa6-8766e6cc9c38", "isDeleted:":"true", "version":"1735527021615"}}
{"logTime": "1231/070916", "correlationVector":"HAS5Fh2AxkROFBfmsiT0ae.128","action":"GetUpdates", "result":"DeleteReceived", "context":{"id":"cb46c14b-9f89-4052-91cd-a89f54633db9", "isDeleted:":"true", "version":"1735527021616"}}
{"logTime": "1231/070916", "correlationVector":"HAS5Fh2AxkROFBfmsiT0ae.129","action":"GetUpdates", "result":"DeleteReceived", "context":{"id":"9233b50b-7adf-49cb-a613-9bc1217a3d4c", "isDeleted:":"true", "version":"1735527070939"}}
{"logTime": "1231/070916", "correlationVector":"HAS5Fh2AxkROFBfmsiT0ae.130","action":"GetUpdates", "result":"DeleteReceived", "context":{"id":"705d1fe3-aa84-46cf-8a30-e7569017b237", "isDeleted:":"true", "version":"1735534807264"}}
{"logTime": "1231/070916", "correlationVector":"HAS5Fh2AxkROFBfmsiT0ae.131","action":"GetUpdates", "result":"DeleteReceived", "context":{"id":"515e74f8-6e1b-4c8b-9ee1-14e5d902b842", "isDeleted:":"true", "version":"1735535198515"}}
{"logTime": "1231/070916", "correlationVector":"HAS5Fh2AxkROFBfmsiT0ae.132","action":"GetUpdates", "result":"DeleteReceived", "context":{"id":"ce9a1845-9761-42bd-afa4-94712010e3ba", "isDeleted:":"true", "version":"1735535198516"}}
{"logTime": "1231/070916", "correlationVector":"HAS5Fh2AxkROFBfmsiT0ae.133","action":"GetUpdates", "result":"DeleteReceived", "context":{"id":"54da97a5-d239-4599-a87f-6ada78e27100", "isDeleted:":"true", "version":"1735535945866"}}
{"logTime": "1231/070916", "correlationVector":"HAS5Fh2AxkROFBfmsiT0ae.134","action":"GetUpdates", "result":"DeleteReceived", "context":{"id":"31117416-b838-498c-8381-393c60da1698", "isDeleted:":"true", "version":"1735539690250"}}
{"logTime": "1231/070916", "correlationVector":"HAS5Fh2AxkROFBfmsiT0ae.135","action":"GetUpdates", "result":"DeleteReceived", "context":{"id":"26090bb6-827b-4790-bfa9-77a1d91d4950", "isDeleted:":"true", "version":"1735539690252"}}
{"logTime": "1231/070916", "correlationVector":"HAS5Fh2AxkROFBfmsiT0ae.136","action":"GetUpdates", "result":"DeleteReceived", "context":{"id":"475fb014-8541-401e-9c1e-b098395b62c1", "isDeleted:":"true", "version":"1735540204591"}}
{"logTime": "1231/070916", "correlationVector":"HAS5Fh2AxkROFBfmsiT0ae.137","action":"GetUpdates", "result":"DeleteReceived", "context":{"id":"9cf14031-58a3-4a9a-a8d1-7ce309e1028e", "isDeleted:":"true", "version":"1735540204592"}}
{"logTime": "1231/070916", "correlationVector":"HAS5Fh2AxkROFBfmsiT0ae.138","action":"GetUpdates", "result":"DeleteReceived", "context":{"id":"3cda68b8-9e1e-448f-b83a-a4ed0cdf403a", "isDeleted:":"true", "version":"1735540864886"}}
{"logTime": "1231/070916", "correlationVector":"HAS5Fh2AxkROFBfmsiT0ae.139","action":"GetUpdates", "result":"DeleteReceived", "context":{"id":"e4c2ad88-9d99-49af-9384-c7a555848211", "isDeleted:":"true", "version":"1735543909557"}}
{"logTime": "1231/070916", "correlationVector":"HAS5Fh2AxkROFBfmsiT0ae.140","action":"GetUpdates", "result":"DeleteReceived", "context":{"id":"5640a0f1-2ee5-427c-b9f0-fddc304aa639", "isDeleted:":"true", "version":"1735546896732"}}
{"logTime": "1231/070916", "correlationVector":"HAS5Fh2AxkROFBfmsiT0ae.141","action":"GetUpdates", "result":"DeleteReceived", "context":{"id":"69af7c1d-f952-4773-a85d-d9472e64f022", "isDeleted:":"true", "version":"1735548076338"}}
{"logTime": "1231/070916", "correlationVector":"HAS5Fh2AxkROFBfmsiT0ae.142","action":"GetUpdates", "result":"DeleteReceived", "context":{"id":"f19e17dc-86f8-440f-be38-fd5277987943", "isDeleted:":"true", "version":"1735573304962"}}
{"logTime": "1231/070916", "correlationVector":"HAS5Fh2AxkROFBfmsiT0ae.143","action":"GetUpdates", "result":"DeleteReceived", "context":{"id":"13dba547-eaa8-4218-a5a2-0abfb17936c1", "isDeleted:":"true", "version":"1735573304963"}}
{"logTime": "1231/070916", "correlationVector":"HAS5Fh2AxkROFBfmsiT0ae.144","action":"GetUpdates", "result":"DeleteReceived", "context":{"id":"b8b578c4-b8da-4e0c-a9b1-81560f9eb9ad", "isDeleted:":"true", "version":"1735573304964"}}
{"logTime": "1231/070916", "correlationVector":"HAS5Fh2AxkROFBfmsiT0ae.145","action":"GetUpdates", "result":"DeleteReceived", "context":{"id":"b7aa5977-b938-4a73-b788-723d2b33d579", "isDeleted:":"true", "version":"1735573304965"}}
{"logTime": "1231/070916", "correlationVector":"HAS5Fh2AxkROFBfmsiT0ae.146","action":"GetUpdates", "result":"DeleteReceived", "context":{"id":"0e43cd8f-eebf-4d7d-a766-8b0fc5a789ad", "isDeleted:":"true", "version":"1735573304966"}}
{"logTime": "1231/070916", "correlationVector":"HAS5Fh2AxkROFBfmsiT0ae.147","action":"GetUpdates", "result":"DeleteReceived", "context":{"id":"0d2613f0-c7ec-4018-a302-74ae817e4da9", "isDeleted:":"true", "version":"1735573304968"}}
{"logTime": "1231/070916", "correlationVector":"HAS5Fh2AxkROFBfmsiT0ae.148","action":"GetUpdates", "result":"DeleteReceived", "context":{"id":"b733dfeb-7215-44d1-bef4-9250373cc0c9", "isDeleted:":"true", "version":"1735575029703"}}
{"logTime": "1231/070916", "correlationVector":"HAS5Fh2AxkROFBfmsiT0ae.149","action":"GetUpdates", "result":"DeleteReceived", "context":{"id":"fe58bfa4-d7d3-4bfc-b4a6-585b83ac9132", "isDeleted:":"true", "version":"1735580983585"}}
{"logTime": "1231/070916", "correlationVector":"HAS5Fh2AxkROFBfmsiT0ae.150","action":"GetUpdates", "result":"DeleteReceived", "context":{"id":"7f3ee5a8-9ce9-4f7d-b1b6-de6c08898e32", "isDeleted:":"true", "version":"1735580983586"}}
{"logTime": "1231/070916", "correlationVector":"HAS5Fh2AxkROFBfmsiT0ae.151","action":"GetUpdates", "result":"DeleteReceived", "context":{"id":"c4a31af0-c570-419d-a673-c653a0a1eccf", "isDeleted:":"true", "version":"1735582209856"}}
{"logTime": "1231/070916", "correlationVector":"HAS5Fh2AxkROFBfmsiT0ae.152","action":"GetUpdates", "result":"DeleteReceived", "context":{"id":"e125c2b1-ff3a-4cc0-9e97-8492fcb13475", "isDeleted:":"true", "version":"1735584943447"}}
{"logTime": "1231/070916", "correlationVector":"HAS5Fh2AxkROFBfmsiT0ae.153","action":"GetUpdates", "result":"DeleteReceived", "context":{"id":"826188e9-35c0-4f36-9395-f8b5354ac1d5", "isDeleted:":"true", "version":"1735584943448"}}
{"logTime": "1231/070916", "correlationVector":"HAS5Fh2AxkROFBfmsiT0ae.154","action":"GetUpdates", "result":"DeleteReceived", "context":{"id":"a1d9eea0-8527-42fa-beec-3311b15e6cc6", "isDeleted:":"true", "version":"1735585705354"}}
{"logTime": "1231/070916", "correlationVector":"HAS5Fh2AxkROFBfmsiT0ae.155","action":"GetUpdates", "result":"DeleteReceived", "context":{"id":"48c36a8b-bd71-448f-91ce-87457cd0e9da", "isDeleted:":"true", "version":"1735586345827"}}
{"logTime": "1231/070916", "correlationVector":"HAS5Fh2AxkROFBfmsiT0ae.156","action":"GetUpdates", "result":"DeleteReceived", "context":{"id":"8c2f4ddd-11df-46df-a5e1-97fc8f6c28c2", "isDeleted:":"true", "version":"1735586345830"}}
{"logTime": "1231/070916", "correlationVector":"HAS5Fh2AxkROFBfmsiT0ae.157","action":"GetUpdates", "result":"DeleteReceived", "context":{"id":"149a20f4-09e6-4ea8-8e10-4b2877a8343f", "isDeleted:":"true", "version":"1735586574827"}}
{"logTime": "1231/070916", "correlationVector":"HAS5Fh2AxkROFBfmsiT0ae.158","action":"GetUpdates", "result":"DeleteReceived", "context":{"id":"6299390d-87e0-4af9-bd08-09a60cb51ce4", "isDeleted:":"true", "version":"1735622745859"}}
{"logTime": "1231/070916", "correlationVector":"HAS5Fh2AxkROFBfmsiT0ae.159","action":"GetUpdates", "result":"DeleteReceived", "context":{"id":"f11e72ec-6c70-480d-930a-cd0f6ee0331f", "isDeleted:":"true", "version":"1735623236782"}}
{"logTime": "1231/070916", "correlationVector":"HAS5Fh2AxkROFBfmsiT0ae.160","action":"GetUpdates", "result":"DeleteReceived", "context":{"id":"55c8c16f-a9ba-4b9f-ae23-b4c7c786713c", "isDeleted:":"true", "version":"1735624296778"}}
{"logTime": "1231/070916", "correlationVector":"HAS5Fh2AxkROFBfmsiT0ae.161","action":"GetUpdates", "result":"DeleteReceived", "context":{"id":"b16b779b-0398-47c9-9e11-2db44399fbbd", "isDeleted:":"true", "version":"1735624639094"}}
{"logTime": "1231/070916", "correlationVector":"HAS5Fh2AxkROFBfmsiT0ae.162","action":"GetUpdates", "result":"DeleteReceived", "context":{"id":"bdf66acc-e984-4ad3-9ba5-30b66361fd60", "isDeleted:":"true", "version":"1735626777911"}}
{"logTime": "1231/070916", "correlationVector":"HAS5Fh2AxkROFBfmsiT0ae.163","action":"GetUpdates", "result":"DeleteReceived", "context":{"id":"460fa7ad-d116-492f-b48d-6ba4629834ca", "isDeleted:":"true", "version":"1735627132602"}}
{"logTime": "1231/070916", "correlationVector":"HAS5Fh2AxkROFBfmsiT0ae.164","action":"GetUpdates", "result":"DeleteReceived", "context":{"id":"5a8523e4-df4a-44dd-93db-e7f541683858", "isDeleted:":"true", "version":"1735627470313"}}
{"logTime": "1231/070916", "correlationVector":"HAS5Fh2AxkROFBfmsiT0ae.165","action":"GetUpdates", "result":"DeleteReceived", "context":{"id":"a828e4de-c866-4d92-a9cb-4680efcfa40e", "isDeleted:":"true", "version":"1735627900791"}}
{"logTime": "1231/070916", "correlationVector":"HAS5Fh2AxkROFBfmsiT0ae.166","action":"GetUpdates", "result":"DeleteReceived", "context":{"id":"9b639c03-d282-4468-b016-ea43dba766bd", "isDeleted:":"true", "version":"1735628867052"}}
{"logTime": "1231/070916", "correlationVector":"HAS5Fh2AxkROFBfmsiT0ae.167","action":"GetUpdates", "result":"DeleteReceived", "context":{"id":"02459749-2215-455d-9a1c-7fafa833b0de", "isDeleted:":"true", "version":"1735534809895"}}
{"logTime": "1231/070916", "correlationVector":"HAS5Fh2AxkROFBfmsiT0ae.168","action":"GetUpdates Response", "result":"Success", "context":Received 195 update(s). cV=HAS5Fh2AxkROFBfmsiT0ae.0;server=akswtt00300001t;cloudType=Consumer;environment=Prod_eastasia_prod-s01-034-apac-eastasia;migrationStage=NotStarted}
{"logTime": "1231/070916", "correlationVector":"jmPkLhkFuYfktG4JWwD2U7","action":"Normal GetUpdate request", "result":"", "context":cV=jmPkLhkFuYfktG4JWwD2U7
Nudged types: Bookmarks, Typed URLs, Sessions, Device Info, User Consents
Refresh requested types: Bookmarks, Preferences, Passwords, Autofill Profiles, Autofill, Typed URLs, Extensions, Sessions, Extension settings, History Delete Directives, Device Info, User Consents, Send Tab To Self, Web Apps, Collection, Edge E Drop, Edge Hub App Usage, Edge Tab Group, Edge Wallet, Encryption Keys}
{"logTime": "1231/070916", "correlationVector":"jmPkLhkFuYfktG4JWwD2U7.1","action":"SyncServerConnectionManagerRequest", "result":"SYNC_SERVER_OK", "context":{"environment":"Prod_eastasia_prod-s01-034-apac-eastasia", "migrationStage":"NotStarted", "server":"akswtt00300003q"}}
{"logTime": "1231/070916", "correlationVector":"jmPkLhkFuYfktG4JWwD2U7.2","action":"GetUpdates Response", "result":"Success", "context":Received 0 update(s). cV=jmPkLhkFuYfktG4JWwD2U7.0;server=akswtt00300003q;cloudType=Consumer;environment=Prod_eastasia_prod-s01-034-apac-eastasia;migrationStage=NotStarted}
{"logTime": "1231/070916", "correlationVector":"0k5WqBSgBMlI7GzhM3Aspz","action":"Commit Request", "result":"", "context":Item count: 14
Contributing types: Bookmarks, Typed URLs, Sessions, Device Info, User Consents}
{"logTime": "1231/070918", "correlationVector":"0k5WqBSgBMlI7GzhM3Aspz.1","action":"SyncServerConnectionManagerRequest", "result":"SYNC_SERVER_OK", "context":{"environment":"Prod_eastasia_prod-s01-034-apac-eastasia", "migrationStage":"NotStarted", "server":"akswtt003000014"}}
{"logTime": "1231/070918", "correlationVector":"0k5WqBSgBMlI7GzhM3Aspz.2","action":"Commit Response", "result":"Success", "context":Result: Success. cV=0k5WqBSgBMlI7GzhM3Aspz.0;server=akswtt003000014;cloudType=Consumer;environment=Prod_eastasia_prod-s01-034-apac-eastasia;migrationStage=NotStarted}
{"logTime": "1231/071002", "correlationVector":"ZzQGBGanXIU4xAwXvzVh3a","action":"Commit Request", "result":"", "context":Item count: 40
Contributing types: Passwords}
{"logTime": "1231/071004", "correlationVector":"ZzQGBGanXIU4xAwXvzVh3a.1","action":"SyncServerConnectionManagerRequest", "result":"SYNC_SERVER_OK", "context":{"environment":"Prod_eastasia_prod-s01-034-apac-eastasia", "migrationStage":"NotStarted", "server":"akswtt00300002w"}}
{"logTime": "1231/071004", "correlationVector":"ZzQGBGanXIU4xAwXvzVh3a.2","action":"Commit Response", "result":"Success", "context":Result: Success. cV=ZzQGBGanXIU4xAwXvzVh3a.0;server=akswtt00300002w;cloudType=Consumer;environment=Prod_eastasia_prod-s01-034-apac-eastasia;migrationStage=NotStarted}
{"logTime": "1231/071004", "correlationVector":"9TJFZfBtw2BzLYsjYIQPLf","action":"Commit Request", "result":"", "context":Item count: 11
Contributing types: Preferences, Passwords}
{"logTime": "1231/071005", "correlationVector":"9TJFZfBtw2BzLYsjYIQPLf.1","action":"SyncServerConnectionManagerRequest", "result":"SYNC_SERVER_OK", "context":{"environment":"Prod_eastasia_prod-s01-034-apac-eastasia", "migrationStage":"NotStarted", "server":"akswtt00300000h"}}
{"logTime": "1231/071005", "correlationVector":"9TJFZfBtw2BzLYsjYIQPLf.2","action":"Commit Response", "result":"Success", "context":Result: Success. cV=9TJFZfBtw2BzLYsjYIQPLf.0;server=akswtt00300000h;cloudType=Consumer;environment=Prod_eastasia_prod-s01-034-apac-eastasia;migrationStage=NotStarted}
{"logTime": "1231/081055", "correlationVector":"P66zGQoH2ip74kfjJUiP2j.1","action":"SyncServerConnectionManagerRequest", "result":"SYNC_SERVER_OK", "context":{"environment":"Prod_eastasia_prod-s01-034-apac-eastasia", "migrationStage":"NotStarted", "server":"akswtt003000016"}}
{"logTime": "1231/081056", "correlationVector":"fxCTj9BEz1jp2TSAdFOJ7R","action":"SyncServerConnectionManagerRequest", "result":"SYNC_SERVER_OK", "context":{"environment":"", "migrationStage":"", "server":""}}
{"logTime": "1231/081056", "correlationVector":"P66zGQoH2ip74kfjJUiP2j","action":"Initial GetUpdates", "result":"", "context":Reason: NEW_CLIENT. cV=P66zGQoH2ip74kfjJUiP2j}
{"logTime": "1231/081056", "correlationVector":"P66zGQoH2ip74kfjJUiP2j.2","action":"GetUpdates Response", "result":"Success", "context":Received 1 update(s). cV=P66zGQoH2ip74kfjJUiP2j.0;server=akswtt003000016;cloudType=Consumer;environment=Prod_eastasia_prod-s01-034-apac-eastasia;migrationStage=NotStarted}
{"logTime": "1231/081056", "correlationVector":"jtWGB0SRZqcP07CgUwG0LE","action":"Initial GetUpdates", "result":"", "context":Reason: NEWLY_SUPPORTED_DATATYPE. cV=jtWGB0SRZqcP07CgUwG0LE}
{"logTime": "1231/081056", "correlationVector":"jtWGB0SRZqcP07CgUwG0LE.1","action":"SyncServerConnectionManagerRequest", "result":"SYNC_SERVER_OK", "context":{"environment":"Prod_eastasia_prod-s01-034-apac-eastasia", "migrationStage":"NotStarted", "server":"akswtt00300001t"}}
{"logTime": "1231/081056", "correlationVector":"jtWGB0SRZqcP07CgUwG0LE.2","action":"GetUpdates", "result":"DeleteReceived", "context":{"id":"cd5b8e0b-2345-4a46-96f2-d4d1eeb7d36b", "isDeleted:":"true", "version":"1712728648161"}}
{"logTime": "1231/081056", "correlationVector":"jtWGB0SRZqcP07CgUwG0LE.3","action":"GetUpdates", "result":"DeleteReceived", "context":{"id":"d67004e4-c665-4815-9527-00480fe9aacc", "isDeleted:":"true", "version":"1712728648709"}}
{"logTime": "1231/081056", "correlationVector":"jtWGB0SRZqcP07CgUwG0LE.4","action":"GetUpdates", "result":"DeleteReceived", "context":{"id":"f707a1d4-a3e9-4a6c-bfc0-60749f33f03e", "isDeleted:":"true", "version":"1712728648710"}}
{"logTime": "1231/081056", "correlationVector":"jtWGB0SRZqcP07CgUwG0LE.5","action":"GetUpdates", "result":"DeleteReceived", "context":{"id":"5e47c7bd-d687-48c2-8c4a-11324b01b81e", "isDeleted:":"true", "version":"1712728649886"}}
{"logTime": "1231/081056", "correlationVector":"jtWGB0SRZqcP07CgUwG0LE.6","action":"GetUpdates", "result":"DeleteReceived", "context":{"id":"a1f43249-1a8a-4078-b1ec-36809747747c", "isDeleted:":"true", "version":"1712728650704"}}
{"logTime": "1231/081056", "correlationVector":"jtWGB0SRZqcP07CgUwG0LE.7","action":"GetUpdates", "result":"DeleteReceived", "context":{"id":"e5881e1f-4b6e-4541-8e8b-3b2a285c3e67", "isDeleted:":"true", "version":"1712728651317"}}
{"logTime": "1231/081056", "correlationVector":"jtWGB0SRZqcP07CgUwG0LE.8","action":"GetUpdates", "result":"DeleteReceived", "context":{"id":"a2cc64a3-5efc-448e-9895-5c7d6818d0a3", "isDeleted:":"true", "version":"1712728651996"}}
{"logTime": "1231/081056", "correlationVector":"jtWGB0SRZqcP07CgUwG0LE.9","action":"GetUpdates", "result":"DeleteReceived", "context":{"id":"32af7af4-c4eb-4136-8da2-f9294a45d34d", "isDeleted:":"true", "version":"1712728652628"}}
{"logTime": "1231/081056", "correlationVector":"jtWGB0SRZqcP07CgUwG0LE.10","action":"GetUpdates", "result":"DeleteReceived", "context":{"id":"d9650a91-c3d2-4032-a0a0-da9e40dfb9a5", "isDeleted:":"true", "version":"1712728652629"}}
{"logTime": "1231/081056", "correlationVector":"jtWGB0SRZqcP07CgUwG0LE.11","action":"GetUpdates", "result":"DeleteReceived", "context":{"id":"a124fb2a-7920-4293-9205-5534a644bea2", "isDeleted:":"true", "version":"1712728653324"}}
{"logTime": "1231/081056", "correlationVector":"jtWGB0SRZqcP07CgUwG0LE.12","action":"GetUpdates", "result":"DeleteReceived", "context":{"id":"a87fa3d9-e1e5-4fe0-972d-3cfc95a3745c", "isDeleted:":"true", "version":"1712728653325"}}
{"logTime": "1231/081056", "correlationVector":"jtWGB0SRZqcP07CgUwG0LE.13","action":"GetUpdates", "result":"DeleteReceived", "context":{"id":"d6376a89-4754-40f2-a8bf-fa8ec95113b7", "isDeleted:":"true", "version":"1712728654054"}}
{"logTime": "1231/081056", "correlationVector":"jtWGB0SRZqcP07CgUwG0LE.14","action":"GetUpdates", "result":"DeleteReceived", "context":{"id":"3094f04f-d5ae-4b91-b411-d05cf456c639", "isDeleted:":"true", "version":"1712728654055"}}
{"logTime": "1231/081056", "correlationVector":"jtWGB0SRZqcP07CgUwG0LE.15","action":"GetUpdates", "result":"DeleteReceived", "context":{"id":"253aebb3-9b7e-40a6-97f7-66d7ad213537", "isDeleted:":"true", "version":"1712728654716"}}
{"logTime": "1231/081056", "correlationVector":"jtWGB0SRZqcP07CgUwG0LE.16","action":"GetUpdates", "result":"DeleteReceived", "context":{"id":"6b1b1911-78d8-4ddd-97fd-f7390efb6a23", "isDeleted:":"true", "version":"1712728654717"}}
{"logTime": "1231/081056", "correlationVector":"jtWGB0SRZqcP07CgUwG0LE.17","action":"GetUpdates", "result":"DeleteReceived", "context":{"id":"a7cb75f0-d04b-409d-987f-873d46425547", "isDeleted:":"true", "version":"1712728655436"}}
{"logTime": "1231/081056", "correlationVector":"jtWGB0SRZqcP07CgUwG0LE.18","action":"GetUpdates", "result":"DeleteReceived", "context":{"id":"b105dda7-b727-4b91-86cd-971a4082213c", "isDeleted:":"true", "version":"1712728656311"}}
{"logTime": "1231/081056", "correlationVector":"jtWGB0SRZqcP07CgUwG0LE.19","action":"GetUpdates", "result":"DeleteReceived", "context":{"id":"bd98663c-f948-4e12-a2ba-31bfc1bc70dc", "isDeleted:":"true", "version":"1712728656312"}}
{"logTime": "1231/081056", "correlationVector":"jtWGB0SRZqcP07CgUwG0LE.20","action":"GetUpdates", "result":"DeleteReceived", "context":{"id":"a594836e-7746-4736-a876-8f7af07d204d", "isDeleted:":"true", "version":"1712728658325"}}
{"logTime": "1231/081056", "correlationVector":"jtWGB0SRZqcP07CgUwG0LE.21","action":"GetUpdates", "result":"DeleteReceived", "context":{"id":"4f3fae87-258f-40ce-8509-87203129812e", "isDeleted:":"true", "version":"1712728658326"}}
{"logTime": "1231/081056", "correlationVector":"jtWGB0SRZqcP07CgUwG0LE.22","action":"GetUpdates", "result":"DeleteReceived", "context":{"id":"28734aec-b956-4dfa-b485-b0d3f5330da6", "isDeleted:":"true", "version":"1712728658327"}}
{"logTime": "1231/081056", "correlationVector":"jtWGB0SRZqcP07CgUwG0LE.23","action":"GetUpdates", "result":"DeleteReceived", "context":{"id":"cc86b819-e7c5-4f40-92f8-e2c99440155a", "isDeleted:":"true", "version":"1712728659087"}}
{"logTime": "1231/081056", "correlationVector":"jtWGB0SRZqcP07CgUwG0LE.24","action":"GetUpdates", "result":"DeleteReceived", "context":{"id":"a9e34d86-be13-43c9-92b1-bb5878defc67", "isDeleted:":"true", "version":"1712728659088"}}
{"logTime": "1231/081056", "correlationVector":"jtWGB0SRZqcP07CgUwG0LE.25","action":"GetUpdates", "result":"DeleteReceived", "context":{"id":"05f43ad1-a0ad-4b0c-91ec-42e449a73e86", "isDeleted:":"true", "version":"1712728659089"}}
{"logTime": "1231/081056", "correlationVector":"jtWGB0SRZqcP07CgUwG0LE.26","action":"GetUpdates", "result":"DeleteReceived", "context":{"id":"1226bdfa-1af1-4fc4-99ff-4cda09f57442", "isDeleted:":"true", "version":"1712728659090"}}
{"logTime": "1231/081056", "correlationVector":"jtWGB0SRZqcP07CgUwG0LE.27","action":"GetUpdates", "result":"DeleteReceived", "context":{"id":"508e0799-91d1-4290-aa09-0235cd31a399", "isDeleted:":"true", "version":"1712728659091"}}
{"logTime": "1231/081056", "correlationVector":"jtWGB0SRZqcP07CgUwG0LE.28","action":"GetUpdates", "result":"DeleteReceived", "context":{"id":"3c87153d-bc6c-42b6-95fa-c842bb2370eb", "isDeleted:":"true", "version":"1712728659996"}}
{"logTime": "1231/081056", "correlationVector":"jtWGB0SRZqcP07CgUwG0LE.29","action":"GetUpdates", "result":"DeleteReceived", "context":{"id":"adf58814-74aa-43ec-ad8f-cc3ffb0c27c5", "isDeleted:":"true", "version":"1712728688233"}}
{"logTime": "1231/081056", "correlationVector":"jtWGB0SRZqcP07CgUwG0LE.30","action":"GetUpdates", "result":"DeleteReceived", "context":{"id":"05fa8bf0-951a-4f0e-8099-d781647c49e3", "isDeleted:":"true", "version":"1712728738285"}}
{"logTime": "1231/081056", "correlationVector":"jtWGB0SRZqcP07CgUwG0LE.31","action":"GetUpdates", "result":"DeleteReceived", "context":{"id":"585becb8-47c8-4870-b722-c5152092d955", "isDeleted:":"true", "version":"1712728756646"}}
{"logTime": "1231/081056", "correlationVector":"jtWGB0SRZqcP07CgUwG0LE.32","action":"GetUpdates", "result":"DeleteReceived", "context":{"id":"580bb573-c6c5-44d4-b7bf-dc035f0ccd60", "isDeleted:":"true", "version":"1712728764960"}}
{"logTime": "1231/081056", "correlationVector":"jtWGB0SRZqcP07CgUwG0LE.33","action":"GetUpdates", "result":"DeleteReceived", "context":{"id":"8f98f186-dc4e-428c-abaa-f9c68fb2cadc", "isDeleted:":"true", "version":"1712728768725"}}
{"logTime": "1231/081056", "correlationVector":"jtWGB0SRZqcP07CgUwG0LE.34","action":"GetUpdates", "result":"DeleteReceived", "context":{"id":"5140d526-722e-4449-b8fa-04e5422e61d0", "isDeleted:":"true", "version":"1712728771752"}}
{"logTime": "1231/081056", "correlationVector":"jtWGB0SRZqcP07CgUwG0LE.35","action":"GetUpdates", "result":"DeleteReceived", "context":{"id":"529604bb-c055-412c-9257-a274f125b95d", "isDeleted:":"true", "version":"1712728782142"}}
{"logTime": "1231/081056", "correlationVector":"jtWGB0SRZqcP07CgUwG0LE.36","action":"GetUpdates", "result":"DeleteReceived", "context":{"id":"9ccf2cf5-db65-4c24-91b4-3fd9fc21ab56", "isDeleted:":"true", "version":"1712728785562"}}
{"logTime": "1231/081056", "correlationVector":"jtWGB0SRZqcP07CgUwG0LE.37","action":"GetUpdates", "result":"DeleteReceived", "context":{"id":"7c37c2ba-d238-4822-9aae-dc5d8b8aa9de", "isDeleted:":"true", "version":"1712728788475"}}
{"logTime": "1231/081056", "correlationVector":"jtWGB0SRZqcP07CgUwG0LE.38","action":"GetUpdates", "result":"DeleteReceived", "context":{"id":"aed9d34b-51c3-4e5c-93d0-1a7d928602ff", "isDeleted:":"true", "version":"1712733846653"}}
{"logTime": "1231/081056", "correlationVector":"jtWGB0SRZqcP07CgUwG0LE.39","action":"GetUpdates", "result":"DeleteReceived", "context":{"id":"15a90b5e-6176-43ef-a821-e30af5540093", "isDeleted:":"true", "version":"1712733846655"}}
{"logTime": "1231/081056", "correlationVector":"jtWGB0SRZqcP07CgUwG0LE.40","action":"GetUpdates", "result":"DeleteReceived", "context":{"id":"c48f5d00-bfc7-4d0d-b713-1d81a4deece6", "isDeleted:":"true", "version":"1712733846663"}}
{"logTime": "1231/081056", "correlationVector":"jtWGB0SRZqcP07CgUwG0LE.41","action":"GetUpdates", "result":"DeleteReceived", "context":{"id":"cce12cff-6ee2-4487-acf4-96c3a1d034a4", "isDeleted:":"true", "version":"1712733846666"}}
{"logTime": "1231/081056", "correlationVector":"jtWGB0SRZqcP07CgUwG0LE.42","action":"GetUpdates", "result":"DeleteReceived", "context":{"id":"dc45be93-d986-46a4-91e8-66de987b7a09", "isDeleted:":"true", "version":"1712733846667"}}
{"logTime": "1231/081056", "correlationVector":"jtWGB0SRZqcP07CgUwG0LE.43","action":"GetUpdates", "result":"DeleteReceived", "context":{"id":"f8f25002-669a-499b-9c85-b2508fc48c2a", "isDeleted:":"true", "version":"1712733846670"}}
{"logTime": "1231/081056", "correlationVector":"jtWGB0SRZqcP07CgUwG0LE.44","action":"GetUpdates", "result":"DeleteReceived", "context":{"id":"3118a62c-bc77-4e67-ba37-609ca1137c7a", "isDeleted:":"true", "version":"1712733846675"}}
{"logTime": "1231/081056", "correlationVector":"jtWGB0SRZqcP07CgUwG0LE.45","action":"GetUpdates", "result":"DeleteReceived", "context":{"id":"bbe5819e-794c-4249-a93e-acc1681291bd", "isDeleted:":"true", "version":"1712733846679"}}
{"logTime": "1231/081056", "correlationVector":"jtWGB0SRZqcP07CgUwG0LE.46","action":"GetUpdates", "result":"DeleteReceived", "context":{"id":"8da53e5a-9ca1-42c3-8c22-c33e4aabd310", "isDeleted:":"true", "version":"1712733846680"}}
{"logTime": "1231/081056", "correlationVector":"jtWGB0SRZqcP07CgUwG0LE.47","action":"GetUpdates", "result":"DeleteReceived", "context":{"id":"cbea33d6-784f-473a-83d5-695578e98111", "isDeleted:":"true", "version":"1712733846687"}}
{"logTime": "1231/081056", "correlationVector":"jtWGB0SRZqcP07CgUwG0LE.48","action":"GetUpdates", "result":"DeleteReceived", "context":{"id":"02cfa571-85d8-4da4-b013-491b295518bb", "isDeleted:":"true", "version":"1712733849033"}}
{"logTime": "1231/081056", "correlationVector":"jtWGB0SRZqcP07CgUwG0LE.49","action":"GetUpdates", "result":"DeleteReceived", "context":{"id":"2e3d0fc4-bdf0-4f54-83f5-6b2f8b926ac9", "isDeleted:":"true", "version":"1712733849038"}}
{"logTime": "1231/081056", "correlationVector":"jtWGB0SRZqcP07CgUwG0LE.50","action":"GetUpdates", "result":"DeleteReceived", "context":{"id":"7b959404-51c7-4095-aa28-26b1e9f0bb77", "isDeleted:":"true", "version":"1712733849039"}}
{"logTime": "1231/081056", "correlationVector":"jtWGB0SRZqcP07CgUwG0LE.51","action":"GetUpdates", "result":"DeleteReceived", "context":{"id":"a4d9aad0-521a-4c6c-9296-807e48d4888c", "isDeleted:":"true", "version":"1712733849042"}}
{"logTime": "1231/081056", "correlationVector":"jtWGB0SRZqcP07CgUwG0LE.52","action":"GetUpdates", "result":"DeleteReceived", "context":{"id":"687c7415-52bf-420e-aa43-a2e059c9eb7c", "isDeleted:":"true", "version":"1712733849044"}}
{"logTime": "1231/081056", "correlationVector":"jtWGB0SRZqcP07CgUwG0LE.53","action":"GetUpdates", "result":"DeleteReceived", "context":{"id":"6787fa40-25f2-4994-9819-c4192a573d58", "isDeleted:":"true", "version":"1712733849045"}}
{"logTime": "1231/081056", "correlationVector":"jtWGB0SRZqcP07CgUwG0LE.54","action":"GetUpdates", "result":"DeleteReceived", "context":{"id":"341560ac-b851-4609-8ba7-d583bef2fa1d", "isDeleted:":"true", "version":"1712733849049"}}
{"logTime": "1231/081056", "correlationVector":"jtWGB0SRZqcP07CgUwG0LE.55","action":"GetUpdates", "result":"DeleteReceived", "context":{"id":"068c3757-0477-4fc8-87b7-4f6cd170962e", "isDeleted:":"true", "version":"1712766460104"}}
{"logTime": "1231/081056", "correlationVector":"jtWGB0SRZqcP07CgUwG0LE.56","action":"GetUpdates", "result":"DeleteReceived", "context":{"id":"019921cf-078d-4c56-a607-da4119693cdf", "isDeleted:":"true", "version":"1712767605348"}}
{"logTime": "1231/081056", "correlationVector":"jtWGB0SRZqcP07CgUwG0LE.57","action":"GetUpdates", "result":"DeleteReceived", "context":{"id":"3d25bd55-3769-4ec9-91ee-74baf7a4f670", "isDeleted:":"true", "version":"1712767837203"}}
{"logTime": "1231/081056", "correlationVector":"jtWGB0SRZqcP07CgUwG0LE.58","action":"GetUpdates", "result":"DeleteReceived", "context":{"id":"d0caf4b0-bd6c-4862-b95b-bb32b9b41951", "isDeleted:":"true", "version":"1712768907977"}}
{"logTime": "1231/081056", "correlationVector":"jtWGB0SRZqcP07CgUwG0LE.59","action":"GetUpdates", "result":"DeleteReceived", "context":{"id":"4c3f8943-bb3b-421d-af66-88d2deb74e3b", "isDeleted:":"true", "version":"1712771037317"}}
{"logTime": "1231/081056", "correlationVector":"jtWGB0SRZqcP07CgUwG0LE.60","action":"GetUpdates", "result":"DeleteReceived", "context":{"id":"d5b80790-67fa-4911-aa97-71f387e37f7a", "isDeleted:":"true", "version":"1721023599785"}}
{"logTime": "1231/081056", "correlationVector":"jtWGB0SRZqcP07CgUwG0LE.61","action":"GetUpdates", "result":"DeleteReceived", "context":{"id":"9a41ac48-f678-42a5-8b06-1a65196d4e3b", "isDeleted:":"true", "version":"1721023613521"}}
{"logTime": "1231/081056", "correlationVector":"jtWGB0SRZqcP07CgUwG0LE.62","action":"GetUpdates Response", "result":"Success", "context":Received 170 update(s). cV=jtWGB0SRZqcP07CgUwG0LE.0;server=akswtt00300001t;cloudType=Consumer;environment=Prod_eastasia_prod-s01-034-apac-eastasia;migrationStage=NotStarted}
{"logTime": "1231/081057", "correlationVector":"JakVy0LTmZdMx0UEkWR4Kt","action":"Normal GetUpdate request", "result":"", "context":cV=JakVy0LTmZdMx0UEkWR4Kt
Nudged types: Sessions
Refresh requested types: Bookmarks, Preferences, Passwords, Autofill Profiles, Autofill, Typed URLs, Extensions, Sessions, Extension settings, History Delete Directives, Device Info, User Consents, Send Tab To Self, Web Apps, Collection, Edge E Drop, Edge Hub App Usage, Edge Tab Group, Edge Wallet, Encryption Keys}
{"logTime": "1231/081057", "correlationVector":"JakVy0LTmZdMx0UEkWR4Kt.1","action":"SyncServerConnectionManagerRequest", "result":"SYNC_SERVER_OK", "context":{"environment":"Prod_eastasia_prod-s01-034-apac-eastasia", "migrationStage":"NotStarted", "server":"akswtt003000010"}}
{"logTime": "1231/081057", "correlationVector":"JakVy0LTmZdMx0UEkWR4Kt.2","action":"GetUpdates", "result":"DeleteReceived", "context":{"id":"fc091c4d-be68-4368-ada0-04e5e23ed0b9", "isDeleted:":"true", "version":"1735628963566"}}
{"logTime": "1231/081057", "correlationVector":"JakVy0LTmZdMx0UEkWR4Kt.3","action":"GetUpdates", "result":"DeleteReceived", "context":{"id":"f9015491-0372-44da-9411-f499f649dbd8", "isDeleted:":"true", "version":"1735629007023"}}
{"logTime": "1231/081057", "correlationVector":"JakVy0LTmZdMx0UEkWR4Kt.4","action":"GetUpdates", "result":"DeleteReceived", "context":{"id":"fd621edb-204b-4a1a-a80e-d2b924764914", "isDeleted:":"true", "version":"1735629055214"}}
{"logTime": "1231/081057", "correlationVector":"JakVy0LTmZdMx0UEkWR4Kt.5","action":"GetUpdates Response", "result":"Success", "context":Received 16 update(s). cV=JakVy0LTmZdMx0UEkWR4Kt.0;server=akswtt003000010;cloudType=Consumer;environment=Prod_eastasia_prod-s01-034-apac-eastasia;migrationStage=NotStarted}
{"logTime": "1231/081917", "correlationVector":"7cAZKY8GEGn/vQeaKlgZiH.1","action":"SyncServerConnectionManagerRequest", "result":"SYNC_SERVER_OK", "context":{"environment":"Prod_eastasia_prod-s01-034-apac-eastasia", "migrationStage":"NotStarted", "server":"akswtt003000017"}}
{"logTime": "1231/081918", "correlationVector":"xRl2HKCA1cOJBxXasDjQ1+","action":"SyncServerConnectionManagerRequest", "result":"SYNC_SERVER_OK", "context":{"environment":"", "migrationStage":"", "server":""}}
{"logTime": "1231/081918", "correlationVector":"7cAZKY8GEGn/vQeaKlgZiH","action":"Initial GetUpdates", "result":"", "context":Reason: NEW_CLIENT. cV=7cAZKY8GEGn/vQeaKlgZiH}
{"logTime": "1231/081918", "correlationVector":"7cAZKY8GEGn/vQeaKlgZiH.2","action":"GetUpdates Response", "result":"Success", "context":Received 1 update(s). cV=7cAZKY8GEGn/vQeaKlgZiH.0;server=akswtt003000017;cloudType=Consumer;environment=Prod_eastasia_prod-s01-034-apac-eastasia;migrationStage=NotStarted}
{"logTime": "1231/081918", "correlationVector":"1iG24XInr5JE2uz5YcK+AS","action":"Initial GetUpdates", "result":"", "context":Reason: NEWLY_SUPPORTED_DATATYPE. cV=1iG24XInr5JE2uz5YcK+AS}
{"logTime": "1231/081918", "correlationVector":"1iG24XInr5JE2uz5YcK+AS.1","action":"SyncServerConnectionManagerRequest", "result":"SYNC_SERVER_OK", "context":{"environment":"Prod_eastasia_prod-s01-034-apac-eastasia", "migrationStage":"NotStarted", "server":"akswtt00300002v"}}
{"logTime": "1231/081918", "correlationVector":"1iG24XInr5JE2uz5YcK+AS.2","action":"GetUpdates", "result":"DeleteReceived", "context":{"id":"cd5b8e0b-2345-4a46-96f2-d4d1eeb7d36b", "isDeleted:":"true", "version":"1712728648161"}}
{"logTime": "1231/081918", "correlationVector":"1iG24XInr5JE2uz5YcK+AS.3","action":"GetUpdates", "result":"DeleteReceived", "context":{"id":"d67004e4-c665-4815-9527-00480fe9aacc", "isDeleted:":"true", "version":"1712728648709"}}
{"logTime": "1231/081918", "correlationVector":"1iG24XInr5JE2uz5YcK+AS.4","action":"GetUpdates", "result":"DeleteReceived", "context":{"id":"f707a1d4-a3e9-4a6c-bfc0-60749f33f03e", "isDeleted:":"true", "version":"1712728648710"}}
{"logTime": "1231/081918", "correlationVector":"1iG24XInr5JE2uz5YcK+AS.5","action":"GetUpdates", "result":"DeleteReceived", "context":{"id":"5e47c7bd-d687-48c2-8c4a-11324b01b81e", "isDeleted:":"true", "version":"1712728649886"}}
{"logTime": "1231/081918", "correlationVector":"1iG24XInr5JE2uz5YcK+AS.6","action":"GetUpdates", "result":"DeleteReceived", "context":{"id":"a1f43249-1a8a-4078-b1ec-36809747747c", "isDeleted:":"true", "version":"1712728650704"}}
{"logTime": "1231/081918", "correlationVector":"1iG24XInr5JE2uz5YcK+AS.7","action":"GetUpdates", "result":"DeleteReceived", "context":{"id":"e5881e1f-4b6e-4541-8e8b-3b2a285c3e67", "isDeleted:":"true", "version":"1712728651317"}}
{"logTime": "1231/081918", "correlationVector":"1iG24XInr5JE2uz5YcK+AS.8","action":"GetUpdates", "result":"DeleteReceived", "context":{"id":"a2cc64a3-5efc-448e-9895-5c7d6818d0a3", "isDeleted:":"true", "version":"1712728651996"}}
{"logTime": "1231/081918", "correlationVector":"1iG24XInr5JE2uz5YcK+AS.9","action":"GetUpdates", "result":"DeleteReceived", "context":{"id":"32af7af4-c4eb-4136-8da2-f9294a45d34d", "isDeleted:":"true", "version":"1712728652628"}}
{"logTime": "1231/081918", "correlationVector":"1iG24XInr5JE2uz5YcK+AS.10","action":"GetUpdates", "result":"DeleteReceived", "context":{"id":"d9650a91-c3d2-4032-a0a0-da9e40dfb9a5", "isDeleted:":"true", "version":"1712728652629"}}
{"logTime": "1231/081918", "correlationVector":"1iG24XInr5JE2uz5YcK+AS.11","action":"GetUpdates", "result":"DeleteReceived", "context":{"id":"a124fb2a-7920-4293-9205-5534a644bea2", "isDeleted:":"true", "version":"1712728653324"}}
{"logTime": "1231/081918", "correlationVector":"1iG24XInr5JE2uz5YcK+AS.12","action":"GetUpdates", "result":"DeleteReceived", "context":{"id":"a87fa3d9-e1e5-4fe0-972d-3cfc95a3745c", "isDeleted:":"true", "version":"1712728653325"}}
{"logTime": "1231/081918", "correlationVector":"1iG24XInr5JE2uz5YcK+AS.13","action":"GetUpdates", "result":"DeleteReceived", "context":{"id":"d6376a89-4754-40f2-a8bf-fa8ec95113b7", "isDeleted:":"true", "version":"1712728654054"}}
{"logTime": "1231/081918", "correlationVector":"1iG24XInr5JE2uz5YcK+AS.14","action":"GetUpdates", "result":"DeleteReceived", "context":{"id":"3094f04f-d5ae-4b91-b411-d05cf456c639", "isDeleted:":"true", "version":"1712728654055"}}
{"logTime": "1231/081918", "correlationVector":"1iG24XInr5JE2uz5YcK+AS.15","action":"GetUpdates", "result":"DeleteReceived", "context":{"id":"253aebb3-9b7e-40a6-97f7-66d7ad213537", "isDeleted:":"true", "version":"1712728654716"}}
{"logTime": "1231/081918", "correlationVector":"1iG24XInr5JE2uz5YcK+AS.16","action":"GetUpdates", "result":"DeleteReceived", "context":{"id":"6b1b1911-78d8-4ddd-97fd-f7390efb6a23", "isDeleted:":"true", "version":"1712728654717"}}
{"logTime": "1231/081918", "correlationVector":"1iG24XInr5JE2uz5YcK+AS.17","action":"GetUpdates", "result":"DeleteReceived", "context":{"id":"a7cb75f0-d04b-409d-987f-873d46425547", "isDeleted:":"true", "version":"1712728655436"}}
{"logTime": "1231/081918", "correlationVector":"1iG24XInr5JE2uz5YcK+AS.18","action":"GetUpdates", "result":"DeleteReceived", "context":{"id":"b105dda7-b727-4b91-86cd-971a4082213c", "isDeleted:":"true", "version":"1712728656311"}}
{"logTime": "1231/081918", "correlationVector":"1iG24XInr5JE2uz5YcK+AS.19","action":"GetUpdates", "result":"DeleteReceived", "context":{"id":"bd98663c-f948-4e12-a2ba-31bfc1bc70dc", "isDeleted:":"true", "version":"1712728656312"}}
{"logTime": "1231/081918", "correlationVector":"1iG24XInr5JE2uz5YcK+AS.20","action":"GetUpdates", "result":"DeleteReceived", "context":{"id":"a594836e-7746-4736-a876-8f7af07d204d", "isDeleted:":"true", "version":"1712728658325"}}
{"logTime": "1231/081918", "correlationVector":"1iG24XInr5JE2uz5YcK+AS.21","action":"GetUpdates", "result":"DeleteReceived", "context":{"id":"4f3fae87-258f-40ce-8509-87203129812e", "isDeleted:":"true", "version":"1712728658326"}}
{"logTime": "1231/081918", "correlationVector":"1iG24XInr5JE2uz5YcK+AS.22","action":"GetUpdates", "result":"DeleteReceived", "context":{"id":"28734aec-b956-4dfa-b485-b0d3f5330da6", "isDeleted:":"true", "version":"1712728658327"}}
{"logTime": "1231/081918", "correlationVector":"1iG24XInr5JE2uz5YcK+AS.23","action":"GetUpdates", "result":"DeleteReceived", "context":{"id":"cc86b819-e7c5-4f40-92f8-e2c99440155a", "isDeleted:":"true", "version":"1712728659087"}}
{"logTime": "1231/081918", "correlationVector":"1iG24XInr5JE2uz5YcK+AS.24","action":"GetUpdates", "result":"DeleteReceived", "context":{"id":"a9e34d86-be13-43c9-92b1-bb5878defc67", "isDeleted:":"true", "version":"1712728659088"}}
{"logTime": "1231/081918", "correlationVector":"1iG24XInr5JE2uz5YcK+AS.25","action":"GetUpdates", "result":"DeleteReceived", "context":{"id":"05f43ad1-a0ad-4b0c-91ec-42e449a73e86", "isDeleted:":"true", "version":"1712728659089"}}
{"logTime": "1231/081918", "correlationVector":"1iG24XInr5JE2uz5YcK+AS.26","action":"GetUpdates", "result":"DeleteReceived", "context":{"id":"1226bdfa-1af1-4fc4-99ff-4cda09f57442", "isDeleted:":"true", "version":"1712728659090"}}
{"logTime": "1231/081918", "correlationVector":"1iG24XInr5JE2uz5YcK+AS.27","action":"GetUpdates", "result":"DeleteReceived", "context":{"id":"508e0799-91d1-4290-aa09-0235cd31a399", "isDeleted:":"true", "version":"1712728659091"}}
{"logTime": "1231/081918", "correlationVector":"1iG24XInr5JE2uz5YcK+AS.28","action":"GetUpdates", "result":"DeleteReceived", "context":{"id":"3c87153d-bc6c-42b6-95fa-c842bb2370eb", "isDeleted:":"true", "version":"1712728659996"}}
{"logTime": "1231/081918", "correlationVector":"1iG24XInr5JE2uz5YcK+AS.29","action":"GetUpdates", "result":"DeleteReceived", "context":{"id":"adf58814-74aa-43ec-ad8f-cc3ffb0c27c5", "isDeleted:":"true", "version":"1712728688233"}}
{"logTime": "1231/081918", "correlationVector":"1iG24XInr5JE2uz5YcK+AS.30","action":"GetUpdates", "result":"DeleteReceived", "context":{"id":"05fa8bf0-951a-4f0e-8099-d781647c49e3", "isDeleted:":"true", "version":"1712728738285"}}
{"logTime": "1231/081918", "correlationVector":"1iG24XInr5JE2uz5YcK+AS.31","action":"GetUpdates", "result":"DeleteReceived", "context":{"id":"585becb8-47c8-4870-b722-c5152092d955", "isDeleted:":"true", "version":"1712728756646"}}
{"logTime": "1231/081918", "correlationVector":"1iG24XInr5JE2uz5YcK+AS.32","action":"GetUpdates", "result":"DeleteReceived", "context":{"id":"580bb573-c6c5-44d4-b7bf-dc035f0ccd60", "isDeleted:":"true", "version":"1712728764960"}}
{"logTime": "1231/081918", "correlationVector":"1iG24XInr5JE2uz5YcK+AS.33","action":"GetUpdates", "result":"DeleteReceived", "context":{"id":"8f98f186-dc4e-428c-abaa-f9c68fb2cadc", "isDeleted:":"true", "version":"1712728768725"}}
{"logTime": "1231/081918", "correlationVector":"1iG24XInr5JE2uz5YcK+AS.34","action":"GetUpdates", "result":"DeleteReceived", "context":{"id":"5140d526-722e-4449-b8fa-04e5422e61d0", "isDeleted:":"true", "version":"1712728771752"}}
{"logTime": "1231/081918", "correlationVector":"1iG24XInr5JE2uz5YcK+AS.35","action":"GetUpdates", "result":"DeleteReceived", "context":{"id":"529604bb-c055-412c-9257-a274f125b95d", "isDeleted:":"true", "version":"1712728782142"}}
{"logTime": "1231/081918", "correlationVector":"1iG24XInr5JE2uz5YcK+AS.36","action":"GetUpdates", "result":"DeleteReceived", "context":{"id":"9ccf2cf5-db65-4c24-91b4-3fd9fc21ab56", "isDeleted:":"true", "version":"1712728785562"}}
{"logTime": "1231/081918", "correlationVector":"1iG24XInr5JE2uz5YcK+AS.37","action":"GetUpdates", "result":"DeleteReceived", "context":{"id":"7c37c2ba-d238-4822-9aae-dc5d8b8aa9de", "isDeleted:":"true", "version":"1712728788475"}}
{"logTime": "1231/081918", "correlationVector":"1iG24XInr5JE2uz5YcK+AS.38","action":"GetUpdates", "result":"DeleteReceived", "context":{"id":"aed9d34b-51c3-4e5c-93d0-1a7d928602ff", "isDeleted:":"true", "version":"1712733846653"}}
{"logTime": "1231/081918", "correlationVector":"1iG24XInr5JE2uz5YcK+AS.39","action":"GetUpdates", "result":"DeleteReceived", "context":{"id":"15a90b5e-6176-43ef-a821-e30af5540093", "isDeleted:":"true", "version":"1712733846655"}}
{"logTime": "1231/081918", "correlationVector":"1iG24XInr5JE2uz5YcK+AS.40","action":"GetUpdates", "result":"DeleteReceived", "context":{"id":"c48f5d00-bfc7-4d0d-b713-1d81a4deece6", "isDeleted:":"true", "version":"1712733846663"}}
{"logTime": "1231/081918", "correlationVector":"1iG24XInr5JE2uz5YcK+AS.41","action":"GetUpdates", "result":"DeleteReceived", "context":{"id":"cce12cff-6ee2-4487-acf4-96c3a1d034a4", "isDeleted:":"true", "version":"1712733846666"}}
{"logTime": "1231/081918", "correlationVector":"1iG24XInr5JE2uz5YcK+AS.42","action":"GetUpdates", "result":"DeleteReceived", "context":{"id":"dc45be93-d986-46a4-91e8-66de987b7a09", "isDeleted:":"true", "version":"1712733846667"}}
{"logTime": "1231/081918", "correlationVector":"1iG24XInr5JE2uz5YcK+AS.43","action":"GetUpdates", "result":"DeleteReceived", "context":{"id":"f8f25002-669a-499b-9c85-b2508fc48c2a", "isDeleted:":"true", "version":"1712733846670"}}
{"logTime": "1231/081918", "correlationVector":"1iG24XInr5JE2uz5YcK+AS.44","action":"GetUpdates", "result":"DeleteReceived", "context":{"id":"3118a62c-bc77-4e67-ba37-609ca1137c7a", "isDeleted:":"true", "version":"1712733846675"}}
{"logTime": "1231/081918", "correlationVector":"1iG24XInr5JE2uz5YcK+AS.45","action":"GetUpdates", "result":"DeleteReceived", "context":{"id":"bbe5819e-794c-4249-a93e-acc1681291bd", "isDeleted:":"true", "version":"1712733846679"}}
{"logTime": "1231/081918", "correlationVector":"1iG24XInr5JE2uz5YcK+AS.46","action":"GetUpdates", "result":"DeleteReceived", "context":{"id":"8da53e5a-9ca1-42c3-8c22-c33e4aabd310", "isDeleted:":"true", "version":"1712733846680"}}
{"logTime": "1231/081918", "correlationVector":"1iG24XInr5JE2uz5YcK+AS.47","action":"GetUpdates", "result":"DeleteReceived", "context":{"id":"cbea33d6-784f-473a-83d5-695578e98111", "isDeleted:":"true", "version":"1712733846687"}}
{"logTime": "1231/081918", "correlationVector":"1iG24XInr5JE2uz5YcK+AS.48","action":"GetUpdates", "result":"DeleteReceived", "context":{"id":"02cfa571-85d8-4da4-b013-491b295518bb", "isDeleted:":"true", "version":"1712733849033"}}
{"logTime": "1231/081918", "correlationVector":"1iG24XInr5JE2uz5YcK+AS.49","action":"GetUpdates", "result":"DeleteReceived", "context":{"id":"2e3d0fc4-bdf0-4f54-83f5-6b2f8b926ac9", "isDeleted:":"true", "version":"1712733849038"}}
{"logTime": "1231/081918", "correlationVector":"1iG24XInr5JE2uz5YcK+AS.50","action":"GetUpdates", "result":"DeleteReceived", "context":{"id":"7b959404-51c7-4095-aa28-26b1e9f0bb77", "isDeleted:":"true", "version":"1712733849039"}}
{"logTime": "1231/081918", "correlationVector":"1iG24XInr5JE2uz5YcK+AS.51","action":"GetUpdates", "result":"DeleteReceived", "context":{"id":"a4d9aad0-521a-4c6c-9296-807e48d4888c", "isDeleted:":"true", "version":"1712733849042"}}
{"logTime": "1231/081918", "correlationVector":"1iG24XInr5JE2uz5YcK+AS.52","action":"GetUpdates", "result":"DeleteReceived", "context":{"id":"687c7415-52bf-420e-aa43-a2e059c9eb7c", "isDeleted:":"true", "version":"1712733849044"}}
{"logTime": "1231/081918", "correlationVector":"1iG24XInr5JE2uz5YcK+AS.53","action":"GetUpdates", "result":"DeleteReceived", "context":{"id":"6787fa40-25f2-4994-9819-c4192a573d58", "isDeleted:":"true", "version":"1712733849045"}}
{"logTime": "1231/081918", "correlationVector":"1iG24XInr5JE2uz5YcK+AS.54","action":"GetUpdates", "result":"DeleteReceived", "context":{"id":"341560ac-b851-4609-8ba7-d583bef2fa1d", "isDeleted:":"true", "version":"1712733849049"}}
{"logTime": "1231/081918", "correlationVector":"1iG24XInr5JE2uz5YcK+AS.55","action":"GetUpdates", "result":"DeleteReceived", "context":{"id":"068c3757-0477-4fc8-87b7-4f6cd170962e", "isDeleted:":"true", "version":"1712766460104"}}
{"logTime": "1231/081918", "correlationVector":"1iG24XInr5JE2uz5YcK+AS.56","action":"GetUpdates", "result":"DeleteReceived", "context":{"id":"019921cf-078d-4c56-a607-da4119693cdf", "isDeleted:":"true", "version":"1712767605348"}}
{"logTime": "1231/081918", "correlationVector":"1iG24XInr5JE2uz5YcK+AS.57","action":"GetUpdates", "result":"DeleteReceived", "context":{"id":"3d25bd55-3769-4ec9-91ee-74baf7a4f670", "isDeleted:":"true", "version":"1712767837203"}}
{"logTime": "1231/081918", "correlationVector":"1iG24XInr5JE2uz5YcK+AS.58","action":"GetUpdates", "result":"DeleteReceived", "context":{"id":"d0caf4b0-bd6c-4862-b95b-bb32b9b41951", "isDeleted:":"true", "version":"1712768907977"}}
{"logTime": "1231/081918", "correlationVector":"1iG24XInr5JE2uz5YcK+AS.59","action":"GetUpdates", "result":"DeleteReceived", "context":{"id":"4c3f8943-bb3b-421d-af66-88d2deb74e3b", "isDeleted:":"true", "version":"1712771037317"}}
{"logTime": "1231/081918", "correlationVector":"1iG24XInr5JE2uz5YcK+AS.60","action":"GetUpdates", "result":"DeleteReceived", "context":{"id":"d5b80790-67fa-4911-aa97-71f387e37f7a", "isDeleted:":"true", "version":"1721023599785"}}
{"logTime": "1231/081918", "correlationVector":"1iG24XInr5JE2uz5YcK+AS.61","action":"GetUpdates", "result":"DeleteReceived", "context":{"id":"9a41ac48-f678-42a5-8b06-1a65196d4e3b", "isDeleted:":"true", "version":"1721023613521"}}
{"logTime": "1231/081918", "correlationVector":"1iG24XInr5JE2uz5YcK+AS.62","action":"GetUpdates Response", "result":"Success", "context":Received 170 update(s). cV=1iG24XInr5JE2uz5YcK+AS.0;server=akswtt00300002v;cloudType=Consumer;environment=Prod_eastasia_prod-s01-034-apac-eastasia;migrationStage=NotStarted}
{"logTime": "1231/081919", "correlationVector":"EaQxR+KmxkoApWvyc1eAg6","action":"Normal GetUpdate request", "result":"", "context":cV=EaQxR+KmxkoApWvyc1eAg6
Nudged types: Sessions
Refresh requested types: Bookmarks, Preferences, Passwords, Autofill Profiles, Autofill, Typed URLs, Extensions, Sessions, Extension settings, History Delete Directives, Device Info, User Consents, Send Tab To Self, Web Apps, Collection, Edge E Drop, Edge Hub App Usage, Edge Tab Group, Edge Wallet, Encryption Keys}
{"logTime": "1231/081919", "correlationVector":"EaQxR+KmxkoApWvyc1eAg6.1","action":"SyncServerConnectionManagerRequest", "result":"SYNC_SERVER_OK", "context":{"environment":"Prod_eastasia_prod-s01-034-apac-eastasia", "migrationStage":"NotStarted", "server":"akswtt00300002v"}}
{"logTime": "1231/081919", "correlationVector":"EaQxR+KmxkoApWvyc1eAg6.2","action":"GetUpdates", "result":"DeleteReceived", "context":{"id":"521867c2-63a0-4b5b-b3bf-f82e8988a9cc", "isDeleted:":"true", "version":"1735632684633"}}
{"logTime": "1231/081919", "correlationVector":"EaQxR+KmxkoApWvyc1eAg6.3","action":"GetUpdates Response", "result":"Success", "context":Received 5 update(s). cV=EaQxR+KmxkoApWvyc1eAg6.0;server=akswtt00300002v;cloudType=Consumer;environment=Prod_eastasia_prod-s01-034-apac-eastasia;migrationStage=NotStarted}
{"logTime": "1231/081919", "correlationVector":"Rbd9IHmJDR3sjp2V5fRgrc","action":"Commit Request", "result":"", "context":Item count: 3
Contributing types: Sessions}
{"logTime": "1231/081920", "correlationVector":"Rbd9IHmJDR3sjp2V5fRgrc.1","action":"SyncServerConnectionManagerRequest", "result":"SYNC_SERVER_OK", "context":{"environment":"Prod_eastasia_prod-s01-034-apac-eastasia", "migrationStage":"NotStarted", "server":"akswtt00300001y"}}
{"logTime": "1231/081920", "correlationVector":"Rbd9IHmJDR3sjp2V5fRgrc.2","action":"Commit Response", "result":"Success", "context":Result: Success. cV=Rbd9IHmJDR3sjp2V5fRgrc.0;server=akswtt00300001y;cloudType=Consumer;environment=Prod_eastasia_prod-s01-034-apac-eastasia;migrationStage=NotStarted}
{"logTime": "1231/082038", "correlationVector":"WSyhtNvKlO61ZziB+1TJG4","action":"Commit Request", "result":"", "context":Item count: 1
Contributing types: Preferences}
{"logTime": "1231/082039", "correlationVector":"WSyhtNvKlO61ZziB+1TJG4.1","action":"SyncServerConnectionManagerRequest", "result":"SYNC_SERVER_OK", "context":{"environment":"Prod_eastasia_prod-s01-034-apac-eastasia", "migrationStage":"NotStarted", "server":"akswtt003000012"}}
{"logTime": "1231/082039", "correlationVector":"WSyhtNvKlO61ZziB+1TJG4.2","action":"Commit Response", "result":"Success", "context":Result: Success. cV=WSyhtNvKlO61ZziB+1TJG4.0;server=akswtt003000012;cloudType=Consumer;environment=Prod_eastasia_prod-s01-034-apac-eastasia;migrationStage=NotStarted}
{"logTime": "1231/082340", "correlationVector":"wmve6EgKTTETaJhkueWQAR.1","action":"SyncServerConnectionManagerRequest", "result":"SYNC_SERVER_OK", "context":{"environment":"Prod_eastasia_prod-s01-034-apac-eastasia", "migrationStage":"NotStarted", "server":"akswtt00300000q"}}
{"logTime": "1231/082341", "correlationVector":"I4AQxdn/GiJoLBJyoB5nwo","action":"SyncServerConnectionManagerRequest", "result":"SYNC_SERVER_OK", "context":{"environment":"", "migrationStage":"", "server":""}}
{"logTime": "1231/082341", "correlationVector":"wmve6EgKTTETaJhkueWQAR","action":"Initial GetUpdates", "result":"", "context":Reason: NEW_CLIENT. cV=wmve6EgKTTETaJhkueWQAR}
{"logTime": "1231/082341", "correlationVector":"wmve6EgKTTETaJhkueWQAR.2","action":"GetUpdates Response", "result":"Success", "context":Received 1 update(s). cV=wmve6EgKTTETaJhkueWQAR.0;server=akswtt00300000q;cloudType=Consumer;environment=Prod_eastasia_prod-s01-034-apac-eastasia;migrationStage=NotStarted}
{"logTime": "1231/082341", "correlationVector":"YHK2qsScSbUuxNhupfaI1u","action":"Initial GetUpdates", "result":"", "context":Reason: NEWLY_SUPPORTED_DATATYPE. cV=YHK2qsScSbUuxNhupfaI1u}
{"logTime": "1231/082341", "correlationVector":"YHK2qsScSbUuxNhupfaI1u.1","action":"SyncServerConnectionManagerRequest", "result":"SYNC_SERVER_OK", "context":{"environment":"Prod_eastasia_prod-s01-034-apac-eastasia", "migrationStage":"NotStarted", "server":"akswtt003000026"}}
{"logTime": "1231/082341", "correlationVector":"YHK2qsScSbUuxNhupfaI1u.2","action":"GetUpdates", "result":"DeleteReceived", "context":{"id":"cd5b8e0b-2345-4a46-96f2-d4d1eeb7d36b", "isDeleted:":"true", "version":"1712728648161"}}
{"logTime": "1231/082341", "correlationVector":"YHK2qsScSbUuxNhupfaI1u.3","action":"GetUpdates", "result":"DeleteReceived", "context":{"id":"d67004e4-c665-4815-9527-00480fe9aacc", "isDeleted:":"true", "version":"1712728648709"}}
{"logTime": "1231/082341", "correlationVector":"YHK2qsScSbUuxNhupfaI1u.4","action":"GetUpdates", "result":"DeleteReceived", "context":{"id":"f707a1d4-a3e9-4a6c-bfc0-60749f33f03e", "isDeleted:":"true", "version":"1712728648710"}}
{"logTime": "1231/082341", "correlationVector":"YHK2qsScSbUuxNhupfaI1u.5","action":"GetUpdates", "result":"DeleteReceived", "context":{"id":"5e47c7bd-d687-48c2-8c4a-11324b01b81e", "isDeleted:":"true", "version":"1712728649886"}}
{"logTime": "1231/082341", "correlationVector":"YHK2qsScSbUuxNhupfaI1u.6","action":"GetUpdates", "result":"DeleteReceived", "context":{"id":"a1f43249-1a8a-4078-b1ec-36809747747c", "isDeleted:":"true", "version":"1712728650704"}}
{"logTime": "1231/082341", "correlationVector":"YHK2qsScSbUuxNhupfaI1u.7","action":"GetUpdates", "result":"DeleteReceived", "context":{"id":"e5881e1f-4b6e-4541-8e8b-3b2a285c3e67", "isDeleted:":"true", "version":"1712728651317"}}
{"logTime": "1231/082341", "correlationVector":"YHK2qsScSbUuxNhupfaI1u.8","action":"GetUpdates", "result":"DeleteReceived", "context":{"id":"a2cc64a3-5efc-448e-9895-5c7d6818d0a3", "isDeleted:":"true", "version":"1712728651996"}}
{"logTime": "1231/082341", "correlationVector":"YHK2qsScSbUuxNhupfaI1u.9","action":"GetUpdates", "result":"DeleteReceived", "context":{"id":"32af7af4-c4eb-4136-8da2-f9294a45d34d", "isDeleted:":"true", "version":"1712728652628"}}
{"logTime": "1231/082341", "correlationVector":"YHK2qsScSbUuxNhupfaI1u.10","action":"GetUpdates", "result":"DeleteReceived", "context":{"id":"d9650a91-c3d2-4032-a0a0-da9e40dfb9a5", "isDeleted:":"true", "version":"1712728652629"}}
{"logTime": "1231/082341", "correlationVector":"YHK2qsScSbUuxNhupfaI1u.11","action":"GetUpdates", "result":"DeleteReceived", "context":{"id":"a124fb2a-7920-4293-9205-5534a644bea2", "isDeleted:":"true", "version":"1712728653324"}}
{"logTime": "1231/082341", "correlationVector":"YHK2qsScSbUuxNhupfaI1u.12","action":"GetUpdates", "result":"DeleteReceived", "context":{"id":"a87fa3d9-e1e5-4fe0-972d-3cfc95a3745c", "isDeleted:":"true", "version":"1712728653325"}}
{"logTime": "1231/082341", "correlationVector":"YHK2qsScSbUuxNhupfaI1u.13","action":"GetUpdates", "result":"DeleteReceived", "context":{"id":"d6376a89-4754-40f2-a8bf-fa8ec95113b7", "isDeleted:":"true", "version":"1712728654054"}}
{"logTime": "1231/082341", "correlationVector":"YHK2qsScSbUuxNhupfaI1u.14","action":"GetUpdates", "result":"DeleteReceived", "context":{"id":"3094f04f-d5ae-4b91-b411-d05cf456c639", "isDeleted:":"true", "version":"1712728654055"}}
{"logTime": "1231/082341", "correlationVector":"YHK2qsScSbUuxNhupfaI1u.15","action":"GetUpdates", "result":"DeleteReceived", "context":{"id":"253aebb3-9b7e-40a6-97f7-66d7ad213537", "isDeleted:":"true", "version":"1712728654716"}}
{"logTime": "1231/082341", "correlationVector":"YHK2qsScSbUuxNhupfaI1u.16","action":"GetUpdates", "result":"DeleteReceived", "context":{"id":"6b1b1911-78d8-4ddd-97fd-f7390efb6a23", "isDeleted:":"true", "version":"1712728654717"}}
{"logTime": "1231/082341", "correlationVector":"YHK2qsScSbUuxNhupfaI1u.17","action":"GetUpdates", "result":"DeleteReceived", "context":{"id":"a7cb75f0-d04b-409d-987f-873d46425547", "isDeleted:":"true", "version":"1712728655436"}}
{"logTime": "1231/082341", "correlationVector":"YHK2qsScSbUuxNhupfaI1u.18","action":"GetUpdates", "result":"DeleteReceived", "context":{"id":"b105dda7-b727-4b91-86cd-971a4082213c", "isDeleted:":"true", "version":"1712728656311"}}
{"logTime": "1231/082341", "correlationVector":"YHK2qsScSbUuxNhupfaI1u.19","action":"GetUpdates", "result":"DeleteReceived", "context":{"id":"bd98663c-f948-4e12-a2ba-31bfc1bc70dc", "isDeleted:":"true", "version":"1712728656312"}}
{"logTime": "1231/082341", "correlationVector":"YHK2qsScSbUuxNhupfaI1u.20","action":"GetUpdates", "result":"DeleteReceived", "context":{"id":"a594836e-7746-4736-a876-8f7af07d204d", "isDeleted:":"true", "version":"1712728658325"}}
{"logTime": "1231/082341", "correlationVector":"YHK2qsScSbUuxNhupfaI1u.21","action":"GetUpdates", "result":"DeleteReceived", "context":{"id":"4f3fae87-258f-40ce-8509-87203129812e", "isDeleted:":"true", "version":"1712728658326"}}
{"logTime": "1231/082341", "correlationVector":"YHK2qsScSbUuxNhupfaI1u.22","action":"GetUpdates", "result":"DeleteReceived", "context":{"id":"28734aec-b956-4dfa-b485-b0d3f5330da6", "isDeleted:":"true", "version":"1712728658327"}}
{"logTime": "1231/082341", "correlationVector":"YHK2qsScSbUuxNhupfaI1u.23","action":"GetUpdates", "result":"DeleteReceived", "context":{"id":"cc86b819-e7c5-4f40-92f8-e2c99440155a", "isDeleted:":"true", "version":"1712728659087"}}
{"logTime": "1231/082341", "correlationVector":"YHK2qsScSbUuxNhupfaI1u.24","action":"GetUpdates", "result":"DeleteReceived", "context":{"id":"a9e34d86-be13-43c9-92b1-bb5878defc67", "isDeleted:":"true", "version":"1712728659088"}}
{"logTime": "1231/082341", "correlationVector":"YHK2qsScSbUuxNhupfaI1u.25","action":"GetUpdates", "result":"DeleteReceived", "context":{"id":"05f43ad1-a0ad-4b0c-91ec-42e449a73e86", "isDeleted:":"true", "version":"1712728659089"}}
{"logTime": "1231/082341", "correlationVector":"YHK2qsScSbUuxNhupfaI1u.26","action":"GetUpdates", "result":"DeleteReceived", "context":{"id":"1226bdfa-1af1-4fc4-99ff-4cda09f57442", "isDeleted:":"true", "version":"1712728659090"}}
{"logTime": "1231/082341", "correlationVector":"YHK2qsScSbUuxNhupfaI1u.27","action":"GetUpdates", "result":"DeleteReceived", "context":{"id":"508e0799-91d1-4290-aa09-0235cd31a399", "isDeleted:":"true", "version":"1712728659091"}}
{"logTime": "1231/082341", "correlationVector":"YHK2qsScSbUuxNhupfaI1u.28","action":"GetUpdates", "result":"DeleteReceived", "context":{"id":"3c87153d-bc6c-42b6-95fa-c842bb2370eb", "isDeleted:":"true", "version":"1712728659996"}}
{"logTime": "1231/082341", "correlationVector":"YHK2qsScSbUuxNhupfaI1u.29","action":"GetUpdates", "result":"DeleteReceived", "context":{"id":"adf58814-74aa-43ec-ad8f-cc3ffb0c27c5", "isDeleted:":"true", "version":"1712728688233"}}
{"logTime": "1231/082341", "correlationVector":"YHK2qsScSbUuxNhupfaI1u.30","action":"GetUpdates", "result":"DeleteReceived", "context":{"id":"05fa8bf0-951a-4f0e-8099-d781647c49e3", "isDeleted:":"true", "version":"1712728738285"}}
{"logTime": "1231/082341", "correlationVector":"YHK2qsScSbUuxNhupfaI1u.31","action":"GetUpdates", "result":"DeleteReceived", "context":{"id":"585becb8-47c8-4870-b722-c5152092d955", "isDeleted:":"true", "version":"1712728756646"}}
{"logTime": "1231/082341", "correlationVector":"YHK2qsScSbUuxNhupfaI1u.32","action":"GetUpdates", "result":"DeleteReceived", "context":{"id":"580bb573-c6c5-44d4-b7bf-dc035f0ccd60", "isDeleted:":"true", "version":"1712728764960"}}
{"logTime": "1231/082341", "correlationVector":"YHK2qsScSbUuxNhupfaI1u.33","action":"GetUpdates", "result":"DeleteReceived", "context":{"id":"8f98f186-dc4e-428c-abaa-f9c68fb2cadc", "isDeleted:":"true", "version":"1712728768725"}}
{"logTime": "1231/082341", "correlationVector":"YHK2qsScSbUuxNhupfaI1u.34","action":"GetUpdates", "result":"DeleteReceived", "context":{"id":"5140d526-722e-4449-b8fa-04e5422e61d0", "isDeleted:":"true", "version":"1712728771752"}}
{"logTime": "1231/082341", "correlationVector":"YHK2qsScSbUuxNhupfaI1u.35","action":"GetUpdates", "result":"DeleteReceived", "context":{"id":"529604bb-c055-412c-9257-a274f125b95d", "isDeleted:":"true", "version":"1712728782142"}}
{"logTime": "1231/082341", "correlationVector":"YHK2qsScSbUuxNhupfaI1u.36","action":"GetUpdates", "result":"DeleteReceived", "context":{"id":"9ccf2cf5-db65-4c24-91b4-3fd9fc21ab56", "isDeleted:":"true", "version":"1712728785562"}}
{"logTime": "1231/082341", "correlationVector":"YHK2qsScSbUuxNhupfaI1u.37","action":"GetUpdates", "result":"DeleteReceived", "context":{"id":"7c37c2ba-d238-4822-9aae-dc5d8b8aa9de", "isDeleted:":"true", "version":"1712728788475"}}
{"logTime": "1231/082341", "correlationVector":"YHK2qsScSbUuxNhupfaI1u.38","action":"GetUpdates", "result":"DeleteReceived", "context":{"id":"aed9d34b-51c3-4e5c-93d0-1a7d928602ff", "isDeleted:":"true", "version":"1712733846653"}}
{"logTime": "1231/082341", "correlationVector":"YHK2qsScSbUuxNhupfaI1u.39","action":"GetUpdates", "result":"DeleteReceived", "context":{"id":"15a90b5e-6176-43ef-a821-e30af5540093", "isDeleted:":"true", "version":"1712733846655"}}
{"logTime": "1231/082341", "correlationVector":"YHK2qsScSbUuxNhupfaI1u.40","action":"GetUpdates", "result":"DeleteReceived", "context":{"id":"c48f5d00-bfc7-4d0d-b713-1d81a4deece6", "isDeleted:":"true", "version":"1712733846663"}}
{"logTime": "1231/082341", "correlationVector":"YHK2qsScSbUuxNhupfaI1u.41","action":"GetUpdates", "result":"DeleteReceived", "context":{"id":"cce12cff-6ee2-4487-acf4-96c3a1d034a4", "isDeleted:":"true", "version":"1712733846666"}}
{"logTime": "1231/082341", "correlationVector":"YHK2qsScSbUuxNhupfaI1u.42","action":"GetUpdates", "result":"DeleteReceived", "context":{"id":"dc45be93-d986-46a4-91e8-66de987b7a09", "isDeleted:":"true", "version":"1712733846667"}}
{"logTime": "1231/082341", "correlationVector":"YHK2qsScSbUuxNhupfaI1u.43","action":"GetUpdates", "result":"DeleteReceived", "context":{"id":"f8f25002-669a-499b-9c85-b2508fc48c2a", "isDeleted:":"true", "version":"1712733846670"}}
{"logTime": "1231/082341", "correlationVector":"YHK2qsScSbUuxNhupfaI1u.44","action":"GetUpdates", "result":"DeleteReceived", "context":{"id":"3118a62c-bc77-4e67-ba37-609ca1137c7a", "isDeleted:":"true", "version":"1712733846675"}}
{"logTime": "1231/082341", "correlationVector":"YHK2qsScSbUuxNhupfaI1u.45","action":"GetUpdates", "result":"DeleteReceived", "context":{"id":"bbe5819e-794c-4249-a93e-acc1681291bd", "isDeleted:":"true", "version":"1712733846679"}}
{"logTime": "1231/082341", "correlationVector":"YHK2qsScSbUuxNhupfaI1u.46","action":"GetUpdates", "result":"DeleteReceived", "context":{"id":"8da53e5a-9ca1-42c3-8c22-c33e4aabd310", "isDeleted:":"true", "version":"1712733846680"}}
{"logTime": "1231/082341", "correlationVector":"YHK2qsScSbUuxNhupfaI1u.47","action":"GetUpdates", "result":"DeleteReceived", "context":{"id":"cbea33d6-784f-473a-83d5-695578e98111", "isDeleted:":"true", "version":"1712733846687"}}
{"logTime": "1231/082341", "correlationVector":"YHK2qsScSbUuxNhupfaI1u.48","action":"GetUpdates", "result":"DeleteReceived", "context":{"id":"02cfa571-85d8-4da4-b013-491b295518bb", "isDeleted:":"true", "version":"1712733849033"}}
{"logTime": "1231/082341", "correlationVector":"YHK2qsScSbUuxNhupfaI1u.49","action":"GetUpdates", "result":"DeleteReceived", "context":{"id":"2e3d0fc4-bdf0-4f54-83f5-6b2f8b926ac9", "isDeleted:":"true", "version":"1712733849038"}}
{"logTime": "1231/082341", "correlationVector":"YHK2qsScSbUuxNhupfaI1u.50","action":"GetUpdates", "result":"DeleteReceived", "context":{"id":"7b959404-51c7-4095-aa28-26b1e9f0bb77", "isDeleted:":"true", "version":"1712733849039"}}
{"logTime": "1231/082341", "correlationVector":"YHK2qsScSbUuxNhupfaI1u.51","action":"GetUpdates", "result":"DeleteReceived", "context":{"id":"a4d9aad0-521a-4c6c-9296-807e48d4888c", "isDeleted:":"true", "version":"1712733849042"}}
{"logTime": "1231/082341", "correlationVector":"YHK2qsScSbUuxNhupfaI1u.52","action":"GetUpdates", "result":"DeleteReceived", "context":{"id":"687c7415-52bf-420e-aa43-a2e059c9eb7c", "isDeleted:":"true", "version":"1712733849044"}}
{"logTime": "1231/082341", "correlationVector":"YHK2qsScSbUuxNhupfaI1u.53","action":"GetUpdates", "result":"DeleteReceived", "context":{"id":"6787fa40-25f2-4994-9819-c4192a573d58", "isDeleted:":"true", "version":"1712733849045"}}
{"logTime": "1231/082341", "correlationVector":"YHK2qsScSbUuxNhupfaI1u.54","action":"GetUpdates", "result":"DeleteReceived", "context":{"id":"341560ac-b851-4609-8ba7-d583bef2fa1d", "isDeleted:":"true", "version":"1712733849049"}}
{"logTime": "1231/082341", "correlationVector":"YHK2qsScSbUuxNhupfaI1u.55","action":"GetUpdates", "result":"DeleteReceived", "context":{"id":"068c3757-0477-4fc8-87b7-4f6cd170962e", "isDeleted:":"true", "version":"1712766460104"}}
{"logTime": "1231/082341", "correlationVector":"YHK2qsScSbUuxNhupfaI1u.56","action":"GetUpdates", "result":"DeleteReceived", "context":{"id":"019921cf-078d-4c56-a607-da4119693cdf", "isDeleted:":"true", "version":"1712767605348"}}
{"logTime": "1231/082341", "correlationVector":"YHK2qsScSbUuxNhupfaI1u.57","action":"GetUpdates", "result":"DeleteReceived", "context":{"id":"3d25bd55-3769-4ec9-91ee-74baf7a4f670", "isDeleted:":"true", "version":"1712767837203"}}
{"logTime": "1231/082341", "correlationVector":"YHK2qsScSbUuxNhupfaI1u.58","action":"GetUpdates", "result":"DeleteReceived", "context":{"id":"d0caf4b0-bd6c-4862-b95b-bb32b9b41951", "isDeleted:":"true", "version":"1712768907977"}}
{"logTime": "1231/082341", "correlationVector":"YHK2qsScSbUuxNhupfaI1u.59","action":"GetUpdates", "result":"DeleteReceived", "context":{"id":"4c3f8943-bb3b-421d-af66-88d2deb74e3b", "isDeleted:":"true", "version":"1712771037317"}}
{"logTime": "1231/082341", "correlationVector":"YHK2qsScSbUuxNhupfaI1u.60","action":"GetUpdates", "result":"DeleteReceived", "context":{"id":"d5b80790-67fa-4911-aa97-71f387e37f7a", "isDeleted:":"true", "version":"1721023599785"}}
{"logTime": "1231/082341", "correlationVector":"YHK2qsScSbUuxNhupfaI1u.61","action":"GetUpdates", "result":"DeleteReceived", "context":{"id":"9a41ac48-f678-42a5-8b06-1a65196d4e3b", "isDeleted:":"true", "version":"1721023613521"}}
{"logTime": "1231/082341", "correlationVector":"YHK2qsScSbUuxNhupfaI1u.62","action":"GetUpdates Response", "result":"Success", "context":Received 170 update(s). cV=YHK2qsScSbUuxNhupfaI1u.0;server=akswtt003000026;cloudType=Consumer;environment=Prod_eastasia_prod-s01-034-apac-eastasia;migrationStage=NotStarted}
{"logTime": "1231/082342", "correlationVector":"QREHctTaKXWLUVIla5JFI/","action":"Normal GetUpdate request", "result":"", "context":cV=QREHctTaKXWLUVIla5JFI/
Nudged types: Sessions
Refresh requested types: Bookmarks, Preferences, Passwords, Autofill Profiles, Autofill, Typed URLs, Extensions, Sessions, Extension settings, History Delete Directives, Device Info, User Consents, Send Tab To Self, Web Apps, Collection, Edge E Drop, Edge Hub App Usage, Edge Tab Group, Edge Wallet, Encryption Keys}
{"logTime": "1231/082342", "correlationVector":"QREHctTaKXWLUVIla5JFI/.1","action":"SyncServerConnectionManagerRequest", "result":"SYNC_SERVER_OK", "context":{"environment":"Prod_eastasia_prod-s01-034-apac-eastasia", "migrationStage":"NotStarted", "server":"akswtt00300001b"}}
{"logTime": "1231/082342", "correlationVector":"QREHctTaKXWLUVIla5JFI/.2","action":"GetUpdates Response", "result":"Success", "context":Received 9 update(s). cV=QREHctTaKXWLUVIla5JFI/.0;server=akswtt00300001b;cloudType=Consumer;environment=Prod_eastasia_prod-s01-034-apac-eastasia;migrationStage=NotStarted}
{"logTime": "1231/082342", "correlationVector":"0lNae1P27iQJSdWNUgtqqX","action":"Commit Request", "result":"", "context":Item count: 3
Contributing types: Sessions}
{"logTime": "1231/082342", "correlationVector":"0lNae1P27iQJSdWNUgtqqX.1","action":"SyncServerConnectionManagerRequest", "result":"SYNC_SERVER_OK", "context":{"environment":"Prod_eastasia_prod-s01-034-apac-eastasia", "migrationStage":"NotStarted", "server":"akswtt00300001w"}}
{"logTime": "1231/082342", "correlationVector":"0lNae1P27iQJSdWNUgtqqX.3","action":"Commit.Sessions", "result":"Success", "context":{"id":"5b049cd7-ffa7-470f-ba5d-6727d2484f77", "isDeleted":"true", "size":"0", "version":"1735633160081"}}
{"logTime": "1231/082342", "correlationVector":"0lNae1P27iQJSdWNUgtqqX.2","action":"Commit Response", "result":"Success", "context":Result: Success. cV=0lNae1P27iQJSdWNUgtqqX.0;server=akswtt00300001w;cloudType=Consumer;environment=Prod_eastasia_prod-s01-034-apac-eastasia;migrationStage=NotStarted}
