2024-12-31 07:08:51.493: [INFO][Sync] Reset engine, reason: 8
2024-12-31 07:08:51.493: [INFO][Sync] Stopped: Bookmarks
2024-12-31 07:08:51.493: [INFO][Sync] Stopped: Preferences
2024-12-31 07:08:51.493: [INFO][Sync] Stopped: Passwords
2024-12-31 07:08:51.493: [INFO][Sync] Stopped: Autofill Profiles
2024-12-31 07:08:51.493: [INFO][Sync] Stopped: Autofill
2024-12-31 07:08:51.493: [INFO][Sync] Stopped: Typed URLs
2024-12-31 07:08:51.493: [INFO][Sync] Stopped: Extensions
2024-12-31 07:08:51.493: [INFO][Sync] Stopped: Sessions
2024-12-31 07:08:51.493: [INFO][Sync] Stopped: Extension settings
2024-12-31 07:08:51.493: [INFO][Sync] Stopped: History Delete Directives
2024-12-31 07:08:51.493: [INFO][Sync] Stopped: Device Info
2024-12-31 07:08:51.493: [INFO][Sync] Stopped: User Consents
2024-12-31 07:08:51.493: [INFO][Sync] Stopped: Send Tab To Self
2024-12-31 07:08:51.493: [INFO][Sync] Stopped: Web Apps
2024-12-31 07:08:51.493: [INFO][Sync] Stopped: History
2024-12-31 07:08:51.493: [INFO][Sync] Stopped: Collection
2024-12-31 07:08:51.493: [INFO][Sync] Stopped: Edge E Drop
2024-12-31 07:08:51.493: [INFO][Sync] Stopped: Edge Hub App Usage
2024-12-31 07:08:51.493: [INFO][Sync] Stopped: Edge Tab Group
2024-12-31 07:08:51.493: [INFO][Sync] Stopped: Edge Wallet
2024-12-31 07:08:51.494: [INFO][Sync] SyncState after authenticated was: NotSignedIn
2024-12-31 07:08:51.671: [INFO][Sync] Reset engine, reason: 8
2024-12-31 07:08:51.671: [INFO][Sync] Stopped: Bookmarks
2024-12-31 07:08:51.671: [INFO][Sync] Stopped: Preferences
2024-12-31 07:08:51.671: [INFO][Sync] Stopped: Passwords
2024-12-31 07:08:51.671: [INFO][Sync] Stopped: Autofill Profiles
2024-12-31 07:08:51.671: [INFO][Sync] Stopped: Autofill
2024-12-31 07:08:51.671: [INFO][Sync] Stopped: Typed URLs
2024-12-31 07:08:51.671: [INFO][Sync] Stopped: Extensions
2024-12-31 07:08:51.671: [INFO][Sync] Stopped: Sessions
2024-12-31 07:08:51.671: [INFO][Sync] Stopped: Extension settings
2024-12-31 07:08:51.671: [INFO][Sync] Stopped: History Delete Directives
2024-12-31 07:08:51.671: [INFO][Sync] Stopped: Device Info
2024-12-31 07:08:51.671: [INFO][Sync] Stopped: User Consents
2024-12-31 07:08:51.671: [INFO][Sync] Stopped: Send Tab To Self
2024-12-31 07:08:51.671: [INFO][Sync] Stopped: Web Apps
2024-12-31 07:08:51.671: [INFO][Sync] Stopped: History
2024-12-31 07:08:51.671: [INFO][Sync] Stopped: Collection
2024-12-31 07:08:51.671: [INFO][Sync] Stopped: Edge E Drop
2024-12-31 07:08:51.671: [INFO][Sync] Stopped: Edge Hub App Usage
2024-12-31 07:08:51.671: [INFO][Sync] Stopped: Edge Tab Group
2024-12-31 07:08:51.671: [INFO][Sync] Stopped: Edge Wallet
2024-12-31 07:08:51.871: [INFO][Sync] Try to start sync engine
2024-12-31 07:08:51.872: [INFO][SyncManagerImpl::NudgeForInitialDownload] Initial download nudge for Encryption Keys
2024-12-31 07:08:51.872: [INFO][SyncEngineBackend::LoadAndConnectNigoriController] Load and connect Nigori controller
2024-12-31 07:08:51.872: [INFO][SyncEngineBackend::DoInitialize] Control Types added: Encryption Keys
2024-12-31 07:08:51.872: [INFO][SyncManagerImpl::ConfigureSyncer] Types to download: Encryption Keys with reason: 3
2024-12-31 07:08:51.873: [INFO][SyncSchedulerImpl::DoConfigurationSyncCycleJob] Configure job was blocked
2024-12-31 07:08:52.350: [INFO][SyncAuthManager::SetLastAuthError] Current auth error: None
2024-12-31 07:08:52.350: [INFO][SyncAuthManager::EdgeLogTokenErrorState] Token error with: None for account type: MSA
2024-12-31 07:08:52.350: [INFO][Sync] Credentials changed for: EdgeSyncScopeNew
2024-12-31 07:08:55.125: [INFO][SyncAuthManager::SetLastAuthError] Current auth error: None
2024-12-31 07:08:55.125: [INFO][SyncAuthManager::EdgeLogTokenErrorState] Token error with: None for account type: MSA
2024-12-31 07:08:55.125: [INFO][Sync] Credentials changed for: EdgeSyncKeyDataScope
2024-12-31 07:08:55.125: [INFO][SyncEngineBackend::DoUpdateKeyDataCredentials] Update key data credentials
2024-12-31 07:08:55.125: [INFO][SyncEngineBackend::DoUpdateCredentials] Update credentials
2024-12-31 07:08:55.125: [INFO][SyncSchedulerImpl::DoConfigurationSyncCycleJob] Blocked types:  and types to download: Encryption Keys
2024-12-31 07:08:55.731: [INFO][Sync] Started DataTypeManager configuration, reason: 4
2024-12-31 07:08:55.731: [INFO][Sync] Configuring for: Bookmarks, Preferences, Passwords, Autofill Profiles, Autofill, Typed URLs, Extensions, Sessions, Extension settings, History Delete Directives, Device Info, User Consents, Send Tab To Self, Web Apps, Collection, Edge E Drop, Edge Hub App Usage, Edge Tab Group, Edge Wallet, Encryption Keys, reason: 3, current state: 0
2024-12-31 07:08:55.732: [INFO][Sync] Configure, desired: Bookmarks, Preferences, Typed URLs, Extensions, Sessions, Extension settings, History Delete Directives, Device Info, User Consents, Send Tab To Self, Web Apps, Collection, Edge E Drop, Edge Hub App Usage, Edge Tab Group, Edge Wallet, Encryption Keys; Allow fail: Passwords, Autofill Profiles, Autofill
2024-12-31 07:08:55.732: [INFO][Sync] Loading: Bookmarks
2024-12-31 07:08:55.732: [INFO][Sync] Loading: Preferences
2024-12-31 07:08:55.732: [INFO][Sync] Loading: Typed URLs
2024-12-31 07:08:55.732: [INFO][Sync] Loading: Extensions
2024-12-31 07:08:55.732: [INFO][Sync] Loading: Sessions
2024-12-31 07:08:55.732: [INFO][Sync] Loading: Extension settings
2024-12-31 07:08:55.732: [INFO][Sync] Loading: History Delete Directives
2024-12-31 07:08:55.732: [INFO][Sync] Loading: Device Info
2024-12-31 07:08:55.733: [INFO][Sync] Loading: User Consents
2024-12-31 07:08:55.733: [INFO][Sync] Loading: Send Tab To Self
2024-12-31 07:08:55.733: [INFO][Sync] Loading: Web Apps
2024-12-31 07:08:55.733: [INFO][Sync] Loading: Collection
2024-12-31 07:08:55.733: [INFO][Sync] Loading: Edge E Drop
2024-12-31 07:08:55.733: [INFO][Sync] Loading: Edge Hub App Usage
2024-12-31 07:08:55.733: [INFO][Sync] Loading: Edge Tab Group
2024-12-31 07:08:55.733: [INFO][Sync] Loading: Edge Wallet
2024-12-31 07:08:55.736: [INFO][Sync] All data types are ready for configure.
2024-12-31 07:08:56.267: [INFO][SyncEngineBackend::DoStartConfiguration] Start configuration
2024-12-31 07:08:56.267: [INFO][SyncManagerImpl::NudgeForInitialDownload] Initial download nudge for Bookmarks
2024-12-31 07:08:56.267: [INFO][SyncManagerImpl::NudgeForInitialDownload] Initial download nudge for Preferences
2024-12-31 07:08:56.267: [INFO][SyncManagerImpl::NudgeForInitialDownload] Initial download nudge for Typed URLs
2024-12-31 07:08:56.267: [INFO][SyncManagerImpl::NudgeForInitialDownload] Initial download nudge for Extensions
2024-12-31 07:08:56.267: [INFO][SyncManagerImpl::NudgeForInitialDownload] Initial download nudge for Sessions
2024-12-31 07:08:56.267: [INFO][Sync] Started DataTypeManager configuration, reason: 5
2024-12-31 07:08:56.267: [INFO][SyncManagerImpl::NudgeForInitialDownload] Initial download nudge for Extension settings
2024-12-31 07:08:56.267: [INFO][SyncManagerImpl::NudgeForInitialDownload] Initial download nudge for History Delete Directives
2024-12-31 07:08:56.267: [INFO][SyncManagerImpl::NudgeForInitialDownload] Initial download nudge for Device Info
2024-12-31 07:08:56.267: [INFO][SyncManagerImpl::NudgeForInitialDownload] Initial download nudge for Send Tab To Self
2024-12-31 07:08:56.267: [INFO][SyncManagerImpl::NudgeForInitialDownload] Initial download nudge for Web Apps
2024-12-31 07:08:56.267: [INFO][Sync] Configuring for: Bookmarks, Preferences, Passwords, Autofill Profiles, Autofill, Typed URLs, Extensions, Sessions, Extension settings, History Delete Directives, Device Info, User Consents, Send Tab To Self, Web Apps, Collection, Edge E Drop, Edge Hub App Usage, Edge Tab Group, Edge Wallet, Encryption Keys, reason: 5, current state: 1
2024-12-31 07:08:56.267: [INFO][SyncManagerImpl::NudgeForInitialDownload] Initial download nudge for Collection
2024-12-31 07:08:56.267: [INFO][SyncManagerImpl::NudgeForInitialDownload] Initial download nudge for Edge E Drop
2024-12-31 07:08:56.267: [INFO][SyncManagerImpl::NudgeForInitialDownload] Initial download nudge for Edge Hub App Usage
2024-12-31 07:08:56.267: [INFO][SyncManagerImpl::NudgeForInitialDownload] Initial download nudge for Edge Tab Group
2024-12-31 07:08:56.267: [INFO][SyncManagerImpl::NudgeForInitialDownload] Initial download nudge for Edge Wallet
2024-12-31 07:08:56.267: [INFO][SyncManagerImpl::ConfigureSyncer] Types to download:  with reason: 3
2024-12-31 07:08:56.267: [INFO][SyncEngineBackend::DoFinishConfigureDataTypes] Failed to download types:  and succeeded types: 
2024-12-31 07:08:56.269: [INFO][Sync] ConfigurationDone, failed: , succeeded: , remaining count: 3
2024-12-31 07:08:56.269: [WARN][Sync]     Reconfigure requested while configuration ongoing.
2024-12-31 07:08:56.269: [INFO][Sync] Configuring for: Bookmarks, Preferences, Passwords, Autofill Profiles, Autofill, Typed URLs, Extensions, Sessions, Extension settings, History Delete Directives, Device Info, User Consents, Send Tab To Self, Web Apps, Collection, Edge E Drop, Edge Hub App Usage, Edge Tab Group, Edge Wallet, Encryption Keys, reason: 5, current state: 2
2024-12-31 07:08:56.269: [INFO][Sync] Configure, desired: Bookmarks, Preferences, Passwords, Autofill Profiles, Autofill, Typed URLs, Extensions, Sessions, Extension settings, History Delete Directives, Device Info, User Consents, Send Tab To Self, Web Apps, Collection, Edge E Drop, Edge Hub App Usage, Edge Tab Group, Edge Wallet, Encryption Keys; Allow fail: 
2024-12-31 07:08:56.269: [INFO][Sync] Loading: Passwords
2024-12-31 07:08:56.269: [INFO][Sync] Loading: Autofill Profiles
2024-12-31 07:08:56.269: [INFO][Sync] Loading: Autofill
2024-12-31 07:08:56.270: [INFO][Sync] All data types are ready for configure.
2024-12-31 07:08:56.270: [INFO][SyncManagerImpl::NudgeForInitialDownload] Initial download nudge for Passwords
2024-12-31 07:08:56.270: [INFO][SyncManagerImpl::NudgeForInitialDownload] Initial download nudge for Autofill Profiles
2024-12-31 07:08:56.270: [INFO][SyncManagerImpl::NudgeForInitialDownload] Initial download nudge for Autofill
2024-12-31 07:08:56.270: [INFO][SyncManagerImpl::ConfigureSyncer] Types to download:  with reason: 5
2024-12-31 07:08:56.270: [INFO][SyncEngineBackend::DoFinishConfigureDataTypes] Failed to download types:  and succeeded types: 
2024-12-31 07:08:56.270: [INFO][Sync] ConfigurationDone, failed: , succeeded: , remaining count: 3
2024-12-31 07:08:56.270: [INFO][Sync] Prepare to configure types: Preferences, Passwords, Device Info, Send Tab To Self, Edge E Drop, Encryption Keys
2024-12-31 07:08:56.270: [INFO][SyncManagerImpl::ConfigureSyncer] Types to download: Preferences, Passwords, Device Info, Send Tab To Self, Edge E Drop, Encryption Keys with reason: 5
2024-12-31 07:08:56.270: [INFO][SyncSchedulerImpl::DoConfigurationSyncCycleJob] Blocked types:  and types to download: Preferences, Passwords, Device Info, Send Tab To Self, Edge E Drop, Encryption Keys
2024-12-31 07:08:58.592: [INFO][SyncEngineBackend::DoFinishConfigureDataTypes] Failed to download types:  and succeeded types: Preferences, Passwords, Device Info, Send Tab To Self, Edge E Drop, Encryption Keys
2024-12-31 07:08:58.609: [INFO][Sync] ConfigurationDone, failed: , succeeded: Preferences, Passwords, Device Info, Send Tab To Self, Edge E Drop, Encryption Keys, remaining count: 2
2024-12-31 07:08:58.609: [INFO][Sync] Prepare to configure types: Bookmarks, Encryption Keys
2024-12-31 07:08:58.609: [INFO][SyncManagerImpl::ConfigureSyncer] Types to download: Bookmarks, Encryption Keys with reason: 5
2024-12-31 07:08:58.609: [INFO][SyncSchedulerImpl::DoConfigurationSyncCycleJob] Blocked types:  and types to download: Bookmarks, Encryption Keys
2024-12-31 07:08:59.218: [INFO][SyncEngineBackend::DoFinishConfigureDataTypes] Failed to download types:  and succeeded types: Bookmarks, Encryption Keys
2024-12-31 07:08:59.221: [INFO][Sync] ConfigurationDone, failed: , succeeded: Bookmarks, Encryption Keys, remaining count: 1
2024-12-31 07:08:59.221: [INFO][Sync] Prepare to configure types: Autofill Profiles, Autofill, Typed URLs, Extensions, Sessions, Extension settings, History Delete Directives, Web Apps, Collection, Edge Hub App Usage, Edge Tab Group, Edge Wallet, Encryption Keys
2024-12-31 07:08:59.221: [INFO][SyncManagerImpl::ConfigureSyncer] Types to download: Autofill Profiles, Autofill, Typed URLs, Extensions, Sessions, Extension settings, History Delete Directives, Web Apps, Collection, Edge Hub App Usage, Edge Tab Group, Edge Wallet, Encryption Keys with reason: 5
2024-12-31 07:08:59.221: [INFO][SyncSchedulerImpl::DoConfigurationSyncCycleJob] Blocked types:  and types to download: Autofill Profiles, Autofill, Typed URLs, Extensions, Sessions, Extension settings, History Delete Directives, Web Apps, Collection, Edge Hub App Usage, Edge Tab Group, Edge Wallet, Encryption Keys
2024-12-31 07:09:16.429: [INFO][SyncEngineBackend::DoFinishConfigureDataTypes] Failed to download types:  and succeeded types: Autofill Profiles, Autofill, Typed URLs, Extensions, Sessions, Extension settings, History Delete Directives, Web Apps, Collection, Edge Hub App Usage, Edge Tab Group, Edge Wallet, Encryption Keys
2024-12-31 07:09:16.448: [INFO][Sync] ConfigurationDone, failed: , succeeded: Autofill Profiles, Autofill, Typed URLs, Extensions, Sessions, Extension settings, History Delete Directives, Web Apps, Collection, Edge Hub App Usage, Edge Tab Group, Edge Wallet, Encryption Keys, remaining count: 0
2024-12-31 07:09:16.449: [INFO][Sync]     Configuration completed, state: 7
2024-12-31 07:09:16.450: [INFO][Sync] Configured DataTypeManager: Ok
2024-12-31 07:09:16.451: [INFO][SyncEngineBackend::DoStartSyncing] Start syncing
2024-12-31 08:10:52.628: [INFO][Sync] SyncState after authenticated was: FeatureCanStart
2024-12-31 08:10:53.074: [INFO][Sync] Try to start sync engine
2024-12-31 08:10:53.075: [INFO][SyncManagerImpl::NudgeForInitialDownload] Initial download nudge for Encryption Keys
2024-12-31 08:10:53.075: [INFO][SyncEngineBackend::LoadAndConnectNigoriController] Load and connect Nigori controller
2024-12-31 08:10:53.075: [INFO][SyncEngineBackend::DoInitialize] Control Types added: Encryption Keys
2024-12-31 08:10:53.075: [INFO][SyncManagerImpl::ConfigureSyncer] Types to download: Encryption Keys with reason: 3
2024-12-31 08:10:53.075: [INFO][SyncSchedulerImpl::DoConfigurationSyncCycleJob] Configure job was blocked
2024-12-31 08:10:53.115: [INFO][SyncAuthManager::SetLastAuthError] Current auth error: None
2024-12-31 08:10:53.115: [INFO][SyncAuthManager::EdgeLogTokenErrorState] Token error with: None for account type: MSA
2024-12-31 08:10:53.115: [INFO][Sync] Credentials changed for: EdgeSyncScopeNew
2024-12-31 08:10:54.561: [INFO][SyncAuthManager::SetLastAuthError] Current auth error: None
2024-12-31 08:10:54.562: [INFO][SyncAuthManager::EdgeLogTokenErrorState] Token error with: None for account type: MSA
2024-12-31 08:10:54.562: [INFO][Sync] Credentials changed for: EdgeSyncKeyDataScope
2024-12-31 08:10:54.562: [INFO][SyncEngineBackend::DoUpdateKeyDataCredentials] Update key data credentials
2024-12-31 08:10:54.562: [INFO][SyncEngineBackend::DoUpdateCredentials] Update credentials
2024-12-31 08:10:54.562: [INFO][SyncSchedulerImpl::DoConfigurationSyncCycleJob] Blocked types:  and types to download: Encryption Keys
2024-12-31 08:10:55.252: [INFO][Sync] Started DataTypeManager configuration, reason: 4
2024-12-31 08:10:55.252: [INFO][Sync] Configuring for: Bookmarks, Preferences, Passwords, Autofill Profiles, Autofill, Typed URLs, Extensions, Sessions, Extension settings, History Delete Directives, Device Info, User Consents, Send Tab To Self, Web Apps, Collection, Edge E Drop, Edge Hub App Usage, Edge Tab Group, Edge Wallet, Encryption Keys, reason: 4, current state: 0
2024-12-31 08:10:55.269: [INFO][Sync] Configure, desired: Bookmarks, Preferences, Typed URLs, Extensions, Sessions, Extension settings, History Delete Directives, Device Info, User Consents, Send Tab To Self, Web Apps, Collection, Edge E Drop, Edge Hub App Usage, Edge Tab Group, Edge Wallet, Encryption Keys; Allow fail: Passwords, Autofill Profiles, Autofill
2024-12-31 08:10:55.269: [INFO][Sync] Loading: Bookmarks
2024-12-31 08:10:55.269: [INFO][Sync] Loading: Preferences
2024-12-31 08:10:55.269: [INFO][Sync] Loading: Typed URLs
2024-12-31 08:10:55.269: [INFO][Sync] Loading: Extensions
2024-12-31 08:10:55.269: [INFO][Sync] Loading: Sessions
2024-12-31 08:10:55.269: [INFO][Sync] Loading: Extension settings
2024-12-31 08:10:55.269: [INFO][Sync] Loading: History Delete Directives
2024-12-31 08:10:55.269: [INFO][Sync] Loading: Device Info
2024-12-31 08:10:55.269: [INFO][Sync] Loading: User Consents
2024-12-31 08:10:55.269: [INFO][Sync] Loading: Send Tab To Self
2024-12-31 08:10:55.269: [INFO][Sync] Loading: Web Apps
2024-12-31 08:10:55.269: [INFO][Sync] Loading: Collection
2024-12-31 08:10:55.269: [INFO][Sync] Loading: Edge E Drop
2024-12-31 08:10:55.269: [INFO][Sync] Loading: Edge Hub App Usage
2024-12-31 08:10:55.269: [INFO][Sync] Loading: Edge Tab Group
2024-12-31 08:10:55.269: [INFO][Sync] Loading: Edge Wallet
2024-12-31 08:10:55.291: [INFO][Sync] All data types are ready for configure.
2024-12-31 08:10:56.100: [INFO][SyncEngineBackend::DoStartConfiguration] Start configuration
2024-12-31 08:10:56.101: [INFO][SyncManagerImpl::ConfigureSyncer] Types to download:  with reason: 4
2024-12-31 08:10:56.101: [INFO][SyncEngineBackend::DoFinishConfigureDataTypes] Failed to download types:  and succeeded types: 
2024-12-31 08:10:56.110: [INFO][Sync] Started DataTypeManager configuration, reason: 5
2024-12-31 08:10:56.110: [INFO][Sync] Configuring for: Bookmarks, Preferences, Passwords, Autofill Profiles, Autofill, Typed URLs, Extensions, Sessions, Extension settings, History Delete Directives, Device Info, User Consents, Send Tab To Self, Web Apps, Collection, Edge E Drop, Edge Hub App Usage, Edge Tab Group, Edge Wallet, Encryption Keys, reason: 5, current state: 1
2024-12-31 08:10:56.129: [INFO][Sync] ConfigurationDone, failed: , succeeded: , remaining count: 3
2024-12-31 08:10:56.129: [WARN][Sync]     Reconfigure requested while configuration ongoing.
2024-12-31 08:10:56.129: [INFO][Sync] Configuring for: Bookmarks, Preferences, Passwords, Autofill Profiles, Autofill, Typed URLs, Extensions, Sessions, Extension settings, History Delete Directives, Device Info, User Consents, Send Tab To Self, Web Apps, Collection, Edge E Drop, Edge Hub App Usage, Edge Tab Group, Edge Wallet, Encryption Keys, reason: 5, current state: 2
2024-12-31 08:10:56.129: [INFO][Sync] Configure, desired: Bookmarks, Preferences, Passwords, Autofill Profiles, Autofill, Typed URLs, Extensions, Sessions, Extension settings, History Delete Directives, Device Info, User Consents, Send Tab To Self, Web Apps, Collection, Edge E Drop, Edge Hub App Usage, Edge Tab Group, Edge Wallet, Encryption Keys; Allow fail: 
2024-12-31 08:10:56.129: [INFO][Sync] Loading: Passwords
2024-12-31 08:10:56.129: [INFO][Sync] Loading: Autofill Profiles
2024-12-31 08:10:56.129: [INFO][Sync] Loading: Autofill
2024-12-31 08:10:56.129: [INFO][Sync] All data types are ready for configure.
2024-12-31 08:10:56.129: [INFO][SyncManagerImpl::NudgeForInitialDownload] Initial download nudge for Passwords
2024-12-31 08:10:56.129: [INFO][SyncManagerImpl::ConfigureSyncer] Types to download:  with reason: 5
2024-12-31 08:10:56.129: [INFO][SyncEngineBackend::DoFinishConfigureDataTypes] Failed to download types:  and succeeded types: 
2024-12-31 08:10:56.130: [INFO][Sync] ConfigurationDone, failed: , succeeded: , remaining count: 3
2024-12-31 08:10:56.130: [INFO][Sync] Prepare to configure types: Passwords, Encryption Keys
2024-12-31 08:10:56.130: [INFO][SyncManagerImpl::ConfigureSyncer] Types to download: Passwords, Encryption Keys with reason: 5
2024-12-31 08:10:56.130: [INFO][SyncSchedulerImpl::DoConfigurationSyncCycleJob] Blocked types:  and types to download: Passwords, Encryption Keys
2024-12-31 08:10:56.684: [INFO][SyncEngineBackend::DoFinishConfigureDataTypes] Failed to download types:  and succeeded types: Passwords, Encryption Keys
2024-12-31 08:10:56.703: [INFO][Sync] ConfigurationDone, failed: , succeeded: Passwords, Encryption Keys, remaining count: 2
2024-12-31 08:10:56.703: [INFO][SyncManagerImpl::ConfigureSyncer] Types to download:  with reason: 5
2024-12-31 08:10:56.703: [INFO][SyncEngineBackend::DoFinishConfigureDataTypes] Failed to download types:  and succeeded types: 
2024-12-31 08:10:56.703: [INFO][Sync] ConfigurationDone, failed: , succeeded: , remaining count: 1
2024-12-31 08:10:56.721: [INFO][SyncManagerImpl::ConfigureSyncer] Types to download:  with reason: 5
2024-12-31 08:10:56.721: [INFO][SyncEngineBackend::DoFinishConfigureDataTypes] Failed to download types:  and succeeded types: 
2024-12-31 08:10:56.721: [INFO][Sync] ConfigurationDone, failed: , succeeded: , remaining count: 0
2024-12-31 08:10:56.738: [INFO][Sync]     Configuration completed, state: 7
2024-12-31 08:10:56.739: [INFO][Sync] Configured DataTypeManager: Ok
2024-12-31 08:10:56.755: [INFO][SyncEngineBackend::DoStartSyncing] Start syncing
2024-12-31 08:11:04.912: [INFO][Sync] Reset engine, reason: 0
2024-12-31 08:11:04.912: [INFO][Sync] Reset engine with reason: 0
2024-12-31 08:19:16.070: [INFO][Sync] SyncState after authenticated was: FeatureCanStart
2024-12-31 08:19:16.561: [INFO][Sync] Try to start sync engine
2024-12-31 08:19:16.563: [INFO][SyncManagerImpl::NudgeForInitialDownload] Initial download nudge for Encryption Keys
2024-12-31 08:19:16.563: [INFO][SyncEngineBackend::LoadAndConnectNigoriController] Load and connect Nigori controller
2024-12-31 08:19:16.563: [INFO][SyncEngineBackend::DoInitialize] Control Types added: Encryption Keys
2024-12-31 08:19:16.563: [INFO][SyncManagerImpl::ConfigureSyncer] Types to download: Encryption Keys with reason: 3
2024-12-31 08:19:16.565: [INFO][SyncSchedulerImpl::DoConfigurationSyncCycleJob] Configure job was blocked
2024-12-31 08:19:16.607: [INFO][SyncAuthManager::SetLastAuthError] Current auth error: None
2024-12-31 08:19:16.607: [INFO][SyncAuthManager::EdgeLogTokenErrorState] Token error with: None for account type: MSA
2024-12-31 08:19:16.607: [INFO][Sync] Credentials changed for: EdgeSyncScopeNew
2024-12-31 08:19:17.437: [INFO][SyncAuthManager::SetLastAuthError] Current auth error: None
2024-12-31 08:19:17.437: [INFO][SyncAuthManager::EdgeLogTokenErrorState] Token error with: None for account type: MSA
2024-12-31 08:19:17.437: [INFO][Sync] Credentials changed for: EdgeSyncKeyDataScope
2024-12-31 08:19:17.437: [INFO][SyncEngineBackend::DoUpdateKeyDataCredentials] Update key data credentials
2024-12-31 08:19:17.437: [INFO][SyncEngineBackend::DoUpdateCredentials] Update credentials
2024-12-31 08:19:17.437: [INFO][SyncSchedulerImpl::DoConfigurationSyncCycleJob] Blocked types:  and types to download: Encryption Keys
2024-12-31 08:19:17.847: [INFO][Sync] Started DataTypeManager configuration, reason: 4
2024-12-31 08:19:17.848: [INFO][Sync] Configuring for: Bookmarks, Preferences, Passwords, Autofill Profiles, Autofill, Typed URLs, Extensions, Sessions, Extension settings, History Delete Directives, Device Info, User Consents, Send Tab To Self, Web Apps, Collection, Edge E Drop, Edge Hub App Usage, Edge Tab Group, Edge Wallet, Encryption Keys, reason: 4, current state: 0
2024-12-31 08:19:17.867: [INFO][Sync] Configure, desired: Bookmarks, Preferences, Typed URLs, Extensions, Sessions, Extension settings, History Delete Directives, Device Info, User Consents, Send Tab To Self, Web Apps, Collection, Edge E Drop, Edge Hub App Usage, Edge Tab Group, Edge Wallet, Encryption Keys; Allow fail: Passwords, Autofill Profiles, Autofill
2024-12-31 08:19:17.867: [INFO][Sync] Loading: Bookmarks
2024-12-31 08:19:17.867: [INFO][Sync] Loading: Preferences
2024-12-31 08:19:17.867: [INFO][Sync] Loading: Typed URLs
2024-12-31 08:19:17.868: [INFO][Sync] Loading: Extensions
2024-12-31 08:19:17.868: [INFO][Sync] Loading: Sessions
2024-12-31 08:19:17.868: [INFO][Sync] Loading: Extension settings
2024-12-31 08:19:17.868: [INFO][Sync] Loading: History Delete Directives
2024-12-31 08:19:17.868: [INFO][Sync] Loading: Device Info
2024-12-31 08:19:17.868: [INFO][Sync] Loading: User Consents
2024-12-31 08:19:17.868: [INFO][Sync] Loading: Send Tab To Self
2024-12-31 08:19:17.868: [INFO][Sync] Loading: Web Apps
2024-12-31 08:19:17.868: [INFO][Sync] Loading: Collection
2024-12-31 08:19:17.868: [INFO][Sync] Loading: Edge E Drop
2024-12-31 08:19:17.868: [INFO][Sync] Loading: Edge Hub App Usage
2024-12-31 08:19:17.868: [INFO][Sync] Loading: Edge Tab Group
2024-12-31 08:19:17.868: [INFO][Sync] Loading: Edge Wallet
2024-12-31 08:19:17.894: [INFO][Sync] All data types are ready for configure.
2024-12-31 08:19:18.435: [INFO][SyncEngineBackend::DoStartConfiguration] Start configuration
2024-12-31 08:19:18.435: [INFO][SyncManagerImpl::ConfigureSyncer] Types to download:  with reason: 4
2024-12-31 08:19:18.435: [INFO][SyncEngineBackend::DoFinishConfigureDataTypes] Failed to download types:  and succeeded types: 
2024-12-31 08:19:18.445: [INFO][Sync] Started DataTypeManager configuration, reason: 5
2024-12-31 08:19:18.445: [INFO][Sync] Configuring for: Bookmarks, Preferences, Passwords, Autofill Profiles, Autofill, Typed URLs, Extensions, Sessions, Extension settings, History Delete Directives, Device Info, User Consents, Send Tab To Self, Web Apps, Collection, Edge E Drop, Edge Hub App Usage, Edge Tab Group, Edge Wallet, Encryption Keys, reason: 5, current state: 1
2024-12-31 08:19:18.462: [INFO][Sync] ConfigurationDone, failed: , succeeded: , remaining count: 3
2024-12-31 08:19:18.462: [WARN][Sync]     Reconfigure requested while configuration ongoing.
2024-12-31 08:19:18.462: [INFO][Sync] Configuring for: Bookmarks, Preferences, Passwords, Autofill Profiles, Autofill, Typed URLs, Extensions, Sessions, Extension settings, History Delete Directives, Device Info, User Consents, Send Tab To Self, Web Apps, Collection, Edge E Drop, Edge Hub App Usage, Edge Tab Group, Edge Wallet, Encryption Keys, reason: 5, current state: 2
2024-12-31 08:19:18.463: [INFO][Sync] Configure, desired: Bookmarks, Preferences, Passwords, Autofill Profiles, Autofill, Typed URLs, Extensions, Sessions, Extension settings, History Delete Directives, Device Info, User Consents, Send Tab To Self, Web Apps, Collection, Edge E Drop, Edge Hub App Usage, Edge Tab Group, Edge Wallet, Encryption Keys; Allow fail: 
2024-12-31 08:19:18.463: [INFO][Sync] Loading: Passwords
2024-12-31 08:19:18.463: [INFO][Sync] Loading: Autofill Profiles
2024-12-31 08:19:18.463: [INFO][Sync] Loading: Autofill
2024-12-31 08:19:18.463: [INFO][Sync] All data types are ready for configure.
2024-12-31 08:19:18.463: [INFO][SyncManagerImpl::NudgeForInitialDownload] Initial download nudge for Passwords
2024-12-31 08:19:18.463: [INFO][SyncManagerImpl::ConfigureSyncer] Types to download:  with reason: 5
2024-12-31 08:19:18.463: [INFO][SyncEngineBackend::DoFinishConfigureDataTypes] Failed to download types:  and succeeded types: 
2024-12-31 08:19:18.467: [INFO][Sync] ConfigurationDone, failed: , succeeded: , remaining count: 3
2024-12-31 08:19:18.467: [INFO][Sync] Prepare to configure types: Passwords, Encryption Keys
2024-12-31 08:19:18.467: [INFO][SyncManagerImpl::ConfigureSyncer] Types to download: Passwords, Encryption Keys with reason: 5
2024-12-31 08:19:18.467: [INFO][SyncSchedulerImpl::DoConfigurationSyncCycleJob] Blocked types:  and types to download: Passwords, Encryption Keys
2024-12-31 08:19:18.979: [INFO][SyncEngineBackend::DoFinishConfigureDataTypes] Failed to download types:  and succeeded types: Passwords, Encryption Keys
2024-12-31 08:19:18.998: [INFO][Sync] ConfigurationDone, failed: , succeeded: Passwords, Encryption Keys, remaining count: 2
2024-12-31 08:19:18.998: [INFO][SyncManagerImpl::ConfigureSyncer] Types to download:  with reason: 5
2024-12-31 08:19:18.998: [INFO][SyncEngineBackend::DoFinishConfigureDataTypes] Failed to download types:  and succeeded types: 
2024-12-31 08:19:18.999: [INFO][Sync] ConfigurationDone, failed: , succeeded: , remaining count: 1
2024-12-31 08:19:19.017: [INFO][SyncManagerImpl::ConfigureSyncer] Types to download:  with reason: 5
2024-12-31 08:19:19.017: [INFO][SyncEngineBackend::DoFinishConfigureDataTypes] Failed to download types:  and succeeded types: 
2024-12-31 08:19:19.017: [INFO][Sync] ConfigurationDone, failed: , succeeded: , remaining count: 0
2024-12-31 08:19:19.035: [INFO][Sync]     Configuration completed, state: 7
2024-12-31 08:19:19.036: [INFO][Sync] Configured DataTypeManager: Ok
2024-12-31 08:19:19.054: [INFO][SyncEngineBackend::DoStartSyncing] Start syncing
2024-12-31 08:20:47.367: [INFO][Sync] Reset engine, reason: 0
2024-12-31 08:20:47.367: [INFO][Sync] Reset engine with reason: 0
2024-12-31 08:23:37.641: [INFO][Sync] SyncState after authenticated was: FeatureCanStart
2024-12-31 08:23:38.127: [INFO][Sync] Try to start sync engine
2024-12-31 08:23:38.131: [INFO][SyncManagerImpl::NudgeForInitialDownload] Initial download nudge for Encryption Keys
2024-12-31 08:23:38.131: [INFO][SyncEngineBackend::LoadAndConnectNigoriController] Load and connect Nigori controller
2024-12-31 08:23:38.131: [INFO][SyncEngineBackend::DoInitialize] Control Types added: Encryption Keys
2024-12-31 08:23:38.131: [INFO][SyncManagerImpl::ConfigureSyncer] Types to download: Encryption Keys with reason: 3
2024-12-31 08:23:38.132: [INFO][SyncSchedulerImpl::DoConfigurationSyncCycleJob] Configure job was blocked
2024-12-31 08:23:38.191: [INFO][SyncAuthManager::SetLastAuthError] Current auth error: None
2024-12-31 08:23:38.191: [INFO][SyncAuthManager::EdgeLogTokenErrorState] Token error with: None for account type: MSA
2024-12-31 08:23:38.191: [INFO][Sync] Credentials changed for: EdgeSyncScopeNew
2024-12-31 08:23:39.355: [INFO][SyncAuthManager::SetLastAuthError] Current auth error: None
2024-12-31 08:23:39.355: [INFO][SyncAuthManager::EdgeLogTokenErrorState] Token error with: None for account type: MSA
2024-12-31 08:23:39.356: [INFO][Sync] Credentials changed for: EdgeSyncKeyDataScope
2024-12-31 08:23:39.357: [INFO][SyncEngineBackend::DoUpdateKeyDataCredentials] Update key data credentials
2024-12-31 08:23:39.357: [INFO][SyncEngineBackend::DoUpdateCredentials] Update credentials
2024-12-31 08:23:39.357: [INFO][SyncSchedulerImpl::DoConfigurationSyncCycleJob] Blocked types:  and types to download: Encryption Keys
2024-12-31 08:23:40.114: [INFO][Sync] Started DataTypeManager configuration, reason: 4
2024-12-31 08:23:40.114: [INFO][Sync] Configuring for: Bookmarks, Preferences, Passwords, Autofill Profiles, Autofill, Typed URLs, Extensions, Sessions, Extension settings, History Delete Directives, Device Info, User Consents, Send Tab To Self, Web Apps, Collection, Edge E Drop, Edge Hub App Usage, Edge Tab Group, Edge Wallet, Encryption Keys, reason: 4, current state: 0
2024-12-31 08:23:40.126: [INFO][Sync] Configure, desired: Bookmarks, Preferences, Typed URLs, Extensions, Sessions, Extension settings, History Delete Directives, Device Info, User Consents, Send Tab To Self, Web Apps, Collection, Edge E Drop, Edge Hub App Usage, Edge Tab Group, Edge Wallet, Encryption Keys; Allow fail: Passwords, Autofill Profiles, Autofill
2024-12-31 08:23:40.127: [INFO][Sync] Loading: Bookmarks
2024-12-31 08:23:40.127: [INFO][Sync] Loading: Preferences
2024-12-31 08:23:40.127: [INFO][Sync] Loading: Typed URLs
2024-12-31 08:23:40.127: [INFO][Sync] Loading: Extensions
2024-12-31 08:23:40.127: [INFO][Sync] Loading: Sessions
2024-12-31 08:23:40.127: [INFO][Sync] Loading: Extension settings
2024-12-31 08:23:40.127: [INFO][Sync] Loading: History Delete Directives
2024-12-31 08:23:40.127: [INFO][Sync] Loading: Device Info
2024-12-31 08:23:40.127: [INFO][Sync] Loading: User Consents
2024-12-31 08:23:40.127: [INFO][Sync] Loading: Send Tab To Self
2024-12-31 08:23:40.127: [INFO][Sync] Loading: Web Apps
2024-12-31 08:23:40.127: [INFO][Sync] Loading: Collection
2024-12-31 08:23:40.128: [INFO][Sync] Loading: Edge E Drop
2024-12-31 08:23:40.128: [INFO][Sync] Loading: Edge Hub App Usage
2024-12-31 08:23:40.128: [INFO][Sync] Loading: Edge Tab Group
2024-12-31 08:23:40.128: [INFO][Sync] Loading: Edge Wallet
2024-12-31 08:23:40.150: [INFO][Sync] All data types are ready for configure.
2024-12-31 08:23:41.106: [INFO][SyncEngineBackend::DoStartConfiguration] Start configuration
2024-12-31 08:23:41.107: [INFO][SyncManagerImpl::ConfigureSyncer] Types to download:  with reason: 4
2024-12-31 08:23:41.107: [INFO][SyncEngineBackend::DoFinishConfigureDataTypes] Failed to download types:  and succeeded types: 
2024-12-31 08:23:41.110: [INFO][Sync] Started DataTypeManager configuration, reason: 5
2024-12-31 08:23:41.110: [INFO][Sync] Configuring for: Bookmarks, Preferences, Passwords, Autofill Profiles, Autofill, Typed URLs, Extensions, Sessions, Extension settings, History Delete Directives, Device Info, User Consents, Send Tab To Self, Web Apps, Collection, Edge E Drop, Edge Hub App Usage, Edge Tab Group, Edge Wallet, Encryption Keys, reason: 5, current state: 1
2024-12-31 08:23:41.120: [INFO][Sync] ConfigurationDone, failed: , succeeded: , remaining count: 3
2024-12-31 08:23:41.120: [WARN][Sync]     Reconfigure requested while configuration ongoing.
2024-12-31 08:23:41.120: [INFO][Sync] Configuring for: Bookmarks, Preferences, Passwords, Autofill Profiles, Autofill, Typed URLs, Extensions, Sessions, Extension settings, History Delete Directives, Device Info, User Consents, Send Tab To Self, Web Apps, Collection, Edge E Drop, Edge Hub App Usage, Edge Tab Group, Edge Wallet, Encryption Keys, reason: 5, current state: 2
2024-12-31 08:23:41.120: [INFO][Sync] Configure, desired: Bookmarks, Preferences, Passwords, Autofill Profiles, Autofill, Typed URLs, Extensions, Sessions, Extension settings, History Delete Directives, Device Info, User Consents, Send Tab To Self, Web Apps, Collection, Edge E Drop, Edge Hub App Usage, Edge Tab Group, Edge Wallet, Encryption Keys; Allow fail: 
2024-12-31 08:23:41.120: [INFO][Sync] Loading: Passwords
2024-12-31 08:23:41.120: [INFO][Sync] Loading: Autofill Profiles
2024-12-31 08:23:41.120: [INFO][Sync] Loading: Autofill
2024-12-31 08:23:41.122: [INFO][Sync] All data types are ready for configure.
2024-12-31 08:23:41.122: [INFO][SyncManagerImpl::NudgeForInitialDownload] Initial download nudge for Passwords
2024-12-31 08:23:41.122: [INFO][SyncManagerImpl::ConfigureSyncer] Types to download:  with reason: 5
2024-12-31 08:23:41.122: [INFO][SyncEngineBackend::DoFinishConfigureDataTypes] Failed to download types:  and succeeded types: 
2024-12-31 08:23:41.122: [INFO][Sync] ConfigurationDone, failed: , succeeded: , remaining count: 3
2024-12-31 08:23:41.122: [INFO][Sync] Prepare to configure types: Passwords, Encryption Keys
2024-12-31 08:23:41.122: [INFO][SyncManagerImpl::ConfigureSyncer] Types to download: Passwords, Encryption Keys with reason: 5
2024-12-31 08:23:41.122: [INFO][SyncSchedulerImpl::DoConfigurationSyncCycleJob] Blocked types:  and types to download: Passwords, Encryption Keys
2024-12-31 08:23:41.636: [INFO][SyncEngineBackend::DoFinishConfigureDataTypes] Failed to download types:  and succeeded types: Passwords, Encryption Keys
2024-12-31 08:23:41.652: [INFO][Sync] ConfigurationDone, failed: , succeeded: Passwords, Encryption Keys, remaining count: 2
2024-12-31 08:23:41.652: [INFO][SyncManagerImpl::ConfigureSyncer] Types to download:  with reason: 5
2024-12-31 08:23:41.652: [INFO][SyncEngineBackend::DoFinishConfigureDataTypes] Failed to download types:  and succeeded types: 
2024-12-31 08:23:41.652: [INFO][Sync] ConfigurationDone, failed: , succeeded: , remaining count: 1
2024-12-31 08:23:41.667: [INFO][SyncManagerImpl::ConfigureSyncer] Types to download:  with reason: 5
2024-12-31 08:23:41.667: [INFO][SyncEngineBackend::DoFinishConfigureDataTypes] Failed to download types:  and succeeded types: 
2024-12-31 08:23:41.668: [INFO][Sync] ConfigurationDone, failed: , succeeded: , remaining count: 0
2024-12-31 08:23:41.677: [INFO][Sync]     Configuration completed, state: 7
2024-12-31 08:23:41.679: [INFO][Sync] Configured DataTypeManager: Ok
2024-12-31 08:23:41.693: [INFO][SyncEngineBackend::DoStartSyncing] Start syncing
